<?xml version="1.0" encoding="UTF-8"?>
<testsuites>
  <testsuite name="" tests="332" assertions="1347" errors="0" failures="0" skipped="3" time="59.41666">
    <testsuite name="Tests\Feature\Admin\Pages\CustomFieldsBusinessLogicTest" file="tests/Feature/Admin/Pages/CustomFieldsBusinessLogicTest.php" tests="2" assertions="6" errors="0" failures="0" skipped="0" time="1.813327">
      <testcase name="`CustomFieldsPage - Business VisibilityLogic and Integration` → it assigns correct entity type when creating sections" class="Tests\Feature\Admin\Pages\CustomFieldsBusinessLogicTest" classname="Tests.Feature.Admin.Pages.CustomFieldsBusinessLogicTest" file="tests/Feature/Admin/Pages/CustomFieldsBusinessLogicTest.php::`CustomFieldsPage - Business VisibilityLogic and Integration` → it assigns correct entity type when creating sections" line="0" assertions="4" time="1.420919"/>
      <testcase name="`CustomFieldsPage - Business VisibilityLogic and Integration` → it filters sections by entity type correctly" class="Tests\Feature\Admin\Pages\CustomFieldsBusinessLogicTest" classname="Tests.Feature.Admin.Pages.CustomFieldsBusinessLogicTest" file="tests/Feature/Admin/Pages/CustomFieldsBusinessLogicTest.php::`CustomFieldsPage - Business VisibilityLogic and Integration` → it filters sections by entity type correctly" line="0" assertions="2" time="0.392408"/>
    </testsuite>
    <testsuite name="Tests\Feature\Admin\Pages\CustomFieldsFieldManagementTest" file="tests/Feature/Admin/Pages/CustomFieldsFieldManagementTest.php" tests="34" assertions="229" errors="0" failures="0" skipped="1" time="9.345925">
      <testsuite name="`Custom Fields Management Workflow - Phase 2.1` → it validates field type component mappings work end-to-e" tests="14" assertions="72" errors="0" failures="0" skipped="0" time="2.880271">
        <testcase name="`Custom Fields Management Workflow - Phase 2.1` → it validates field type component mappings work end-to-end with data set &quot;dataset &quot;text_input_types&quot;&quot;" class="Tests\Feature\Admin\Pages\CustomFieldsFieldManagementTest" classname="Tests.Feature.Admin.Pages.CustomFieldsFieldManagementTest" file="tests/Feature/Admin/Pages/CustomFieldsFieldManagementTest.php::`Custom Fields Management Workflow - Phase 2.1` → it validates field type component mappings work end-to-end with data set &quot;dataset &quot;text_input_types&quot;&quot;" line="0" assertions="16" time="0.233593"/>
        <testcase name="`Custom Fields Management Workflow - Phase 2.1` → it validates field type component mappings work end-to-end with data set &quot;dataset &quot;textarea_types&quot;&quot;" class="Tests\Feature\Admin\Pages\CustomFieldsFieldManagementTest" classname="Tests.Feature.Admin.Pages.CustomFieldsFieldManagementTest" file="tests/Feature/Admin/Pages/CustomFieldsFieldManagementTest.php::`Custom Fields Management Workflow - Phase 2.1` → it validates field type component mappings work end-to-end with data set &quot;dataset &quot;textarea_types&quot;&quot;" line="0" assertions="4" time="0.188993"/>
        <testcase name="`Custom Fields Management Workflow - Phase 2.1` → it validates field type component mappings work end-to-end with data set &quot;dataset &quot;select_types&quot;&quot;" class="Tests\Feature\Admin\Pages\CustomFieldsFieldManagementTest" classname="Tests.Feature.Admin.Pages.CustomFieldsFieldManagementTest" file="tests/Feature/Admin/Pages/CustomFieldsFieldManagementTest.php::`Custom Fields Management Workflow - Phase 2.1` → it validates field type component mappings work end-to-end with data set &quot;dataset &quot;select_types&quot;&quot;" line="0" assertions="8" time="0.228938"/>
        <testcase name="`Custom Fields Management Workflow - Phase 2.1` → it validates field type component mappings work end-to-end with data set &quot;dataset &quot;checkbox_types&quot;&quot;" class="Tests\Feature\Admin\Pages\CustomFieldsFieldManagementTest" classname="Tests.Feature.Admin.Pages.CustomFieldsFieldManagementTest" file="tests/Feature/Admin/Pages/CustomFieldsFieldManagementTest.php::`Custom Fields Management Workflow - Phase 2.1` → it validates field type component mappings work end-to-end with data set &quot;dataset &quot;checkbox_types&quot;&quot;" line="0" assertions="4" time="0.203027"/>
        <testcase name="`Custom Fields Management Workflow - Phase 2.1` → it validates field type component mappings work end-to-end with data set &quot;dataset &quot;checkbox-list_types&quot;&quot;" class="Tests\Feature\Admin\Pages\CustomFieldsFieldManagementTest" classname="Tests.Feature.Admin.Pages.CustomFieldsFieldManagementTest" file="tests/Feature/Admin/Pages/CustomFieldsFieldManagementTest.php::`Custom Fields Management Workflow - Phase 2.1` → it validates field type component mappings work end-to-end with data set &quot;dataset &quot;checkbox-list_types&quot;&quot;" line="0" assertions="4" time="0.189813"/>
        <testcase name="`Custom Fields Management Workflow - Phase 2.1` → it validates field type component mappings work end-to-end with data set &quot;dataset &quot;radio_types&quot;&quot;" class="Tests\Feature\Admin\Pages\CustomFieldsFieldManagementTest" classname="Tests.Feature.Admin.Pages.CustomFieldsFieldManagementTest" file="tests/Feature/Admin/Pages/CustomFieldsFieldManagementTest.php::`Custom Fields Management Workflow - Phase 2.1` → it validates field type component mappings work end-to-end with data set &quot;dataset &quot;radio_types&quot;&quot;" line="0" assertions="4" time="0.212031"/>
        <testcase name="`Custom Fields Management Workflow - Phase 2.1` → it validates field type component mappings work end-to-end with data set &quot;dataset &quot;toggle_types&quot;&quot;" class="Tests\Feature\Admin\Pages\CustomFieldsFieldManagementTest" classname="Tests.Feature.Admin.Pages.CustomFieldsFieldManagementTest" file="tests/Feature/Admin/Pages/CustomFieldsFieldManagementTest.php::`Custom Fields Management Workflow - Phase 2.1` → it validates field type component mappings work end-to-end with data set &quot;dataset &quot;toggle_types&quot;&quot;" line="0" assertions="4" time="0.223692"/>
        <testcase name="`Custom Fields Management Workflow - Phase 2.1` → it validates field type component mappings work end-to-end with data set &quot;dataset &quot;toggle-buttons_types&quot;&quot;" class="Tests\Feature\Admin\Pages\CustomFieldsFieldManagementTest" classname="Tests.Feature.Admin.Pages.CustomFieldsFieldManagementTest" file="tests/Feature/Admin/Pages/CustomFieldsFieldManagementTest.php::`Custom Fields Management Workflow - Phase 2.1` → it validates field type component mappings work end-to-end with data set &quot;dataset &quot;toggle-buttons_types&quot;&quot;" line="0" assertions="4" time="0.196081"/>
        <testcase name="`Custom Fields Management Workflow - Phase 2.1` → it validates field type component mappings work end-to-end with data set &quot;dataset &quot;date_picker_types&quot;&quot;" class="Tests\Feature\Admin\Pages\CustomFieldsFieldManagementTest" classname="Tests.Feature.Admin.Pages.CustomFieldsFieldManagementTest" file="tests/Feature/Admin/Pages/CustomFieldsFieldManagementTest.php::`Custom Fields Management Workflow - Phase 2.1` → it validates field type component mappings work end-to-end with data set &quot;dataset &quot;date_picker_types&quot;&quot;" line="0" assertions="4" time="0.189046"/>
        <testcase name="`Custom Fields Management Workflow - Phase 2.1` → it validates field type component mappings work end-to-end with data set &quot;dataset &quot;datetime_picker_types&quot;&quot;" class="Tests\Feature\Admin\Pages\CustomFieldsFieldManagementTest" classname="Tests.Feature.Admin.Pages.CustomFieldsFieldManagementTest" file="tests/Feature/Admin/Pages/CustomFieldsFieldManagementTest.php::`Custom Fields Management Workflow - Phase 2.1` → it validates field type component mappings work end-to-end with data set &quot;dataset &quot;datetime_picker_types&quot;&quot;" line="0" assertions="4" time="0.190420"/>
        <testcase name="`Custom Fields Management Workflow - Phase 2.1` → it validates field type component mappings work end-to-end with data set &quot;dataset &quot;rich-editor_types&quot;&quot;" class="Tests\Feature\Admin\Pages\CustomFieldsFieldManagementTest" classname="Tests.Feature.Admin.Pages.CustomFieldsFieldManagementTest" file="tests/Feature/Admin/Pages/CustomFieldsFieldManagementTest.php::`Custom Fields Management Workflow - Phase 2.1` → it validates field type component mappings work end-to-end with data set &quot;dataset &quot;rich-editor_types&quot;&quot;" line="0" assertions="4" time="0.209961"/>
        <testcase name="`Custom Fields Management Workflow - Phase 2.1` → it validates field type component mappings work end-to-end with data set &quot;dataset &quot;markdown-editor_types&quot;&quot;" class="Tests\Feature\Admin\Pages\CustomFieldsFieldManagementTest" classname="Tests.Feature.Admin.Pages.CustomFieldsFieldManagementTest" file="tests/Feature/Admin/Pages/CustomFieldsFieldManagementTest.php::`Custom Fields Management Workflow - Phase 2.1` → it validates field type component mappings work end-to-end with data set &quot;dataset &quot;markdown-editor_types&quot;&quot;" line="0" assertions="4" time="0.203525"/>
        <testcase name="`Custom Fields Management Workflow - Phase 2.1` → it validates field type component mappings work end-to-end with data set &quot;dataset &quot;tags-input_types&quot;&quot;" class="Tests\Feature\Admin\Pages\CustomFieldsFieldManagementTest" classname="Tests.Feature.Admin.Pages.CustomFieldsFieldManagementTest" file="tests/Feature/Admin/Pages/CustomFieldsFieldManagementTest.php::`Custom Fields Management Workflow - Phase 2.1` → it validates field type component mappings work end-to-end with data set &quot;dataset &quot;tags-input_types&quot;&quot;" line="0" assertions="4" time="0.221073"/>
        <testcase name="`Custom Fields Management Workflow - Phase 2.1` → it validates field type component mappings work end-to-end with data set &quot;dataset &quot;color-picker_types&quot;&quot;" class="Tests\Feature\Admin\Pages\CustomFieldsFieldManagementTest" classname="Tests.Feature.Admin.Pages.CustomFieldsFieldManagementTest" file="tests/Feature/Admin/Pages/CustomFieldsFieldManagementTest.php::`Custom Fields Management Workflow - Phase 2.1` → it validates field type component mappings work end-to-end with data set &quot;dataset &quot;color-picker_types&quot;&quot;" line="0" assertions="4" time="0.190078"/>
      </testsuite>
      <testcase name="`ManageCustomFieldSection - Field Management` → it can update field order within a section" class="Tests\Feature\Admin\Pages\CustomFieldsFieldManagementTest" classname="Tests.Feature.Admin.Pages.CustomFieldsFieldManagementTest" file="tests/Feature/Admin/Pages/CustomFieldsFieldManagementTest.php::`ManageCustomFieldSection - Field Management` → it can update field order within a section" line="0" assertions="2" time="1.348954"/>
      <testcase name="`ManageCustomFieldSection - Field Management` → it can move inactive fields within and between sections" class="Tests\Feature\Admin\Pages\CustomFieldsFieldManagementTest" classname="Tests.Feature.Admin.Pages.CustomFieldsFieldManagementTest" file="tests/Feature/Admin/Pages/CustomFieldsFieldManagementTest.php::`ManageCustomFieldSection - Field Management` → it can move inactive fields within and between sections" line="0" assertions="5" time="0.414741"/>
      <testcase name="`ManageCustomFieldSection - Field Management` → it can move fields between active and inactive sections" class="Tests\Feature\Admin\Pages\CustomFieldsFieldManagementTest" classname="Tests.Feature.Admin.Pages.CustomFieldsFieldManagementTest" file="tests/Feature/Admin/Pages/CustomFieldsFieldManagementTest.php::`ManageCustomFieldSection - Field Management` → it can move fields between active and inactive sections" line="0" assertions="4" time="0.598285"/>
      <testcase name="`ManageCustomFieldSection - Field Management` → it properly updates section fields collection when moving fields into empty sections" class="Tests\Feature\Admin\Pages\CustomFieldsFieldManagementTest" classname="Tests.Feature.Admin.Pages.CustomFieldsFieldManagementTest" file="tests/Feature/Admin/Pages/CustomFieldsFieldManagementTest.php::`ManageCustomFieldSection - Field Management` → it properly updates section fields collection when moving fields into empty sections" line="0" assertions="4" time="0.454014"/>
      <testcase name="`ManageCustomFieldSection - Field Management` → it can update field width" class="Tests\Feature\Admin\Pages\CustomFieldsFieldManagementTest" classname="Tests.Feature.Admin.Pages.CustomFieldsFieldManagementTest" file="tests/Feature/Admin/Pages/CustomFieldsFieldManagementTest.php::`ManageCustomFieldSection - Field Management` → it can update field width" line="0" assertions="1" time="0.352710"/>
      <testcase name="`ManageCustomField - Field Actions` → it can activate an inactive field" class="Tests\Feature\Admin\Pages\CustomFieldsFieldManagementTest" classname="Tests.Feature.Admin.Pages.CustomFieldsFieldManagementTest" file="tests/Feature/Admin/Pages/CustomFieldsFieldManagementTest.php::`ManageCustomField - Field Actions` → it can activate an inactive field" line="0" assertions="3" time="0.252604"/>
      <testcase name="`ManageCustomField - Field Actions` → it can deactivate an active field" class="Tests\Feature\Admin\Pages\CustomFieldsFieldManagementTest" classname="Tests.Feature.Admin.Pages.CustomFieldsFieldManagementTest" file="tests/Feature/Admin/Pages/CustomFieldsFieldManagementTest.php::`ManageCustomField - Field Actions` → it can deactivate an active field" line="0" assertions="3" time="0.252933"/>
      <testcase name="`ManageCustomField - Field Actions` → it can delete an inactive non-system field" class="Tests\Feature\Admin\Pages\CustomFieldsFieldManagementTest" classname="Tests.Feature.Admin.Pages.CustomFieldsFieldManagementTest" file="tests/Feature/Admin/Pages/CustomFieldsFieldManagementTest.php::`ManageCustomField - Field Actions` → it can delete an inactive non-system field" line="0" assertions="3" time="0.260145"/>
      <testcase name="`ManageCustomField - Field Actions` → it cannot delete an active field" class="Tests\Feature\Admin\Pages\CustomFieldsFieldManagementTest" classname="Tests.Feature.Admin.Pages.CustomFieldsFieldManagementTest" file="tests/Feature/Admin/Pages/CustomFieldsFieldManagementTest.php::`ManageCustomField - Field Actions` → it cannot delete an active field" line="0" assertions="2" time="0.264228"/>
      <testcase name="`ManageCustomField - Field Actions` → it cannot delete a system-defined field" class="Tests\Feature\Admin\Pages\CustomFieldsFieldManagementTest" classname="Tests.Feature.Admin.Pages.CustomFieldsFieldManagementTest" file="tests/Feature/Admin/Pages/CustomFieldsFieldManagementTest.php::`ManageCustomField - Field Actions` → it cannot delete a system-defined field" line="0" assertions="2" time="0.204028"/>
      <testcase name="`ManageCustomField - Field Actions` → it dispatches width update event" class="Tests\Feature\Admin\Pages\CustomFieldsFieldManagementTest" classname="Tests.Feature.Admin.Pages.CustomFieldsFieldManagementTest" file="tests/Feature/Admin/Pages/CustomFieldsFieldManagementTest.php::`ManageCustomField - Field Actions` → it dispatches width update event" line="0" assertions="1" time="0.222244"/>
      <testcase name="`Enhanced field management with datasets` → it can handle field state transitions correctly" class="Tests\Feature\Admin\Pages\CustomFieldsFieldManagementTest" classname="Tests.Feature.Admin.Pages.CustomFieldsFieldManagementTest" file="tests/Feature/Admin/Pages/CustomFieldsFieldManagementTest.php::`Enhanced field management with datasets` → it can handle field state transitions correctly" line="0" assertions="7" time="0.392943"/>
      <testcase name="`Enhanced field management with datasets` → it validates field deletion restrictions correctly" class="Tests\Feature\Admin\Pages\CustomFieldsFieldManagementTest" classname="Tests.Feature.Admin.Pages.CustomFieldsFieldManagementTest" file="tests/Feature/Admin/Pages/CustomFieldsFieldManagementTest.php::`Enhanced field management with datasets` → it validates field deletion restrictions correctly" line="0" assertions="7" time="0.310303"/>
      <testcase name="`Enhanced field management with datasets` → it handles complex field configurations with options" class="Tests\Feature\Admin\Pages\CustomFieldsFieldManagementTest" classname="Tests.Feature.Admin.Pages.CustomFieldsFieldManagementTest" file="tests/Feature/Admin/Pages/CustomFieldsFieldManagementTest.php::`Enhanced field management with datasets` → it handles complex field configurations with options" line="0" assertions="5" time="0.039901"/>
      <testcase name="`Custom Fields Management Workflow - Phase 2.1` → it can complete full field lifecycle management" class="Tests\Feature\Admin\Pages\CustomFieldsFieldManagementTest" classname="Tests.Feature.Admin.Pages.CustomFieldsFieldManagementTest" file="tests/Feature/Admin/Pages/CustomFieldsFieldManagementTest.php::`Custom Fields Management Workflow - Phase 2.1` → it can complete full field lifecycle management" line="0" assertions="26" time="0.309919"/>
      <testcase name="`Custom Fields Management Workflow - Phase 2.1` → it can handle field interdependencies and validation chains" class="Tests\Feature\Admin\Pages\CustomFieldsFieldManagementTest" classname="Tests.Feature.Admin.Pages.CustomFieldsFieldManagementTest" file="tests/Feature/Admin/Pages/CustomFieldsFieldManagementTest.php::`Custom Fields Management Workflow - Phase 2.1` → it can handle field interdependencies and validation chains" line="0" assertions="3" time="0.030609"/>
      <testcase name="`Custom Fields Management Workflow - Phase 2.1` → it can handle custom field type registration and discovery" class="Tests\Feature\Admin\Pages\CustomFieldsFieldManagementTest" classname="Tests.Feature.Admin.Pages.CustomFieldsFieldManagementTest" file="tests/Feature/Admin/Pages/CustomFieldsFieldManagementTest.php::`Custom Fields Management Workflow - Phase 2.1` → it can handle custom field type registration and discovery" line="0" assertions="55" time="0.345098"/>
      <testcase name="`Custom Fields Management Workflow - Phase 2.1` → it validates field type constraints and behaviors" class="Tests\Feature\Admin\Pages\CustomFieldsFieldManagementTest" classname="Tests.Feature.Admin.Pages.CustomFieldsFieldManagementTest" file="tests/Feature/Admin/Pages/CustomFieldsFieldManagementTest.php::`Custom Fields Management Workflow - Phase 2.1` → it validates field type constraints and behaviors" line="0" assertions="0" time="0.022718">
        <skipped/>
      </testcase>
      <testcase name="`Custom Fields Management Workflow - Phase 2.1` → it can handle field section management and organization" class="Tests\Feature\Admin\Pages\CustomFieldsFieldManagementTest" classname="Tests.Feature.Admin.Pages.CustomFieldsFieldManagementTest" file="tests/Feature/Admin/Pages/CustomFieldsFieldManagementTest.php::`Custom Fields Management Workflow - Phase 2.1` → it can handle field section management and organization" line="0" assertions="11" time="0.190444"/>
      <testcase name="`Custom Fields Management Workflow - Phase 2.1` → it can handle system-defined vs user-defined field workflows" class="Tests\Feature\Admin\Pages\CustomFieldsFieldManagementTest" classname="Tests.Feature.Admin.Pages.CustomFieldsFieldManagementTest" file="tests/Feature/Admin/Pages/CustomFieldsFieldManagementTest.php::`Custom Fields Management Workflow - Phase 2.1` → it can handle system-defined vs user-defined field workflows" line="0" assertions="13" time="0.198832"/>
    </testsuite>
    <testsuite name="Tests\Feature\Admin\Pages\CustomFieldsPageRenderingTest" file="tests/Feature/Admin/Pages/CustomFieldsPageRenderingTest.php" tests="1" assertions="2" errors="0" failures="0" skipped="0" time="1.336249">
      <testcase name="`CustomFieldsPage - Essential User Interactions` → it can access page and interact with entity type selection" class="Tests\Feature\Admin\Pages\CustomFieldsPageRenderingTest" classname="Tests.Feature.Admin.Pages.CustomFieldsPageRenderingTest" file="tests/Feature/Admin/Pages/CustomFieldsPageRenderingTest.php::`CustomFieldsPage - Essential User Interactions` → it can access page and interact with entity type selection" line="0" assertions="2" time="1.336249"/>
    </testsuite>
    <testsuite name="Tests\Feature\Admin\Pages\CustomFieldsSectionManagementTest" file="tests/Feature/Admin/Pages/CustomFieldsSectionManagementTest.php" tests="14" assertions="61" errors="0" failures="0" skipped="0" time="5.697844">
      <testsuite name="`CustomFieldsPage - Section Management` → it validates section form fiel" tests="2" assertions="14" errors="0" failures="0" skipped="0" time="1.041576">
        <testcase name="`CustomFieldsPage - Section Management` → it validates section form fields with data set &quot;dataset &quot;name is required&quot;&quot;" class="Tests\Feature\Admin\Pages\CustomFieldsSectionManagementTest" classname="Tests.Feature.Admin.Pages.CustomFieldsSectionManagementTest" file="tests/Feature/Admin/Pages/CustomFieldsSectionManagementTest.php::`CustomFieldsPage - Section Management` → it validates section form fields with data set &quot;dataset &quot;name is required&quot;&quot;" line="0" assertions="7" time="0.538336"/>
        <testcase name="`CustomFieldsPage - Section Management` → it validates section form fields with data set &quot;dataset &quot;code is required&quot;&quot;" class="Tests\Feature\Admin\Pages\CustomFieldsSectionManagementTest" classname="Tests.Feature.Admin.Pages.CustomFieldsSectionManagementTest" file="tests/Feature/Admin/Pages/CustomFieldsSectionManagementTest.php::`CustomFieldsPage - Section Management` → it validates section form fields with data set &quot;dataset &quot;code is required&quot;&quot;" line="0" assertions="7" time="0.503240"/>
      </testsuite>
      <testcase name="`CustomFieldsPage - Section Management` → it can create a new section with valid data" class="Tests\Feature\Admin\Pages\CustomFieldsSectionManagementTest" classname="Tests.Feature.Admin.Pages.CustomFieldsSectionManagementTest" file="tests/Feature/Admin/Pages/CustomFieldsSectionManagementTest.php::`CustomFieldsPage - Section Management` → it can create a new section with valid data" line="0" assertions="7" time="1.397682"/>
      <testcase name="`CustomFieldsPage - Section Management` → it validates section code must be unique" class="Tests\Feature\Admin\Pages\CustomFieldsSectionManagementTest" classname="Tests.Feature.Admin.Pages.CustomFieldsSectionManagementTest" file="tests/Feature/Admin/Pages/CustomFieldsSectionManagementTest.php::`CustomFieldsPage - Section Management` → it validates section code must be unique" line="0" assertions="7" time="0.498041"/>
      <testcase name="`CustomFieldsPage - Section Management` → it can update sections order" class="Tests\Feature\Admin\Pages\CustomFieldsSectionManagementTest" classname="Tests.Feature.Admin.Pages.CustomFieldsSectionManagementTest" file="tests/Feature/Admin/Pages/CustomFieldsSectionManagementTest.php::`CustomFieldsPage - Section Management` → it can update sections order" line="0" assertions="2" time="0.327568"/>
      <testcase name="`CustomFieldsPage - Section Management` → it removes deleted sections from view" class="Tests\Feature\Admin\Pages\CustomFieldsSectionManagementTest" classname="Tests.Feature.Admin.Pages.CustomFieldsSectionManagementTest" file="tests/Feature/Admin/Pages/CustomFieldsSectionManagementTest.php::`CustomFieldsPage - Section Management` → it removes deleted sections from view" line="0" assertions="2" time="0.254865"/>
      <testcase name="`ManageCustomFieldSection - Section Actions` → it can edit a section with valid data" class="Tests\Feature\Admin\Pages\CustomFieldsSectionManagementTest" classname="Tests.Feature.Admin.Pages.CustomFieldsSectionManagementTest" file="tests/Feature/Admin/Pages/CustomFieldsSectionManagementTest.php::`ManageCustomFieldSection - Section Actions` → it can edit a section with valid data" line="0" assertions="6" time="0.288422"/>
      <testcase name="`ManageCustomFieldSection - Section Actions` → it can activate an inactive section" class="Tests\Feature\Admin\Pages\CustomFieldsSectionManagementTest" classname="Tests.Feature.Admin.Pages.CustomFieldsSectionManagementTest" file="tests/Feature/Admin/Pages/CustomFieldsSectionManagementTest.php::`ManageCustomFieldSection - Section Actions` → it can activate an inactive section" line="0" assertions="3" time="0.276710"/>
      <testcase name="`ManageCustomFieldSection - Section Actions` → it can deactivate an active section" class="Tests\Feature\Admin\Pages\CustomFieldsSectionManagementTest" classname="Tests.Feature.Admin.Pages.CustomFieldsSectionManagementTest" file="tests/Feature/Admin/Pages/CustomFieldsSectionManagementTest.php::`ManageCustomFieldSection - Section Actions` → it can deactivate an active section" line="0" assertions="3" time="0.214104"/>
      <testcase name="`ManageCustomFieldSection - Section Actions` → it can delete an inactive non-system section" class="Tests\Feature\Admin\Pages\CustomFieldsSectionManagementTest" classname="Tests.Feature.Admin.Pages.CustomFieldsSectionManagementTest" file="tests/Feature/Admin/Pages/CustomFieldsSectionManagementTest.php::`ManageCustomFieldSection - Section Actions` → it can delete an inactive non-system section" line="0" assertions="3" time="0.251510"/>
      <testcase name="`ManageCustomFieldSection - Section Actions` → it cannot delete an active section" class="Tests\Feature\Admin\Pages\CustomFieldsSectionManagementTest" classname="Tests.Feature.Admin.Pages.CustomFieldsSectionManagementTest" file="tests/Feature/Admin/Pages/CustomFieldsSectionManagementTest.php::`ManageCustomFieldSection - Section Actions` → it cannot delete an active section" line="0" assertions="2" time="0.339001"/>
      <testcase name="`ManageCustomFieldSection - Section Actions` → it cannot delete a system-defined section" class="Tests\Feature\Admin\Pages\CustomFieldsSectionManagementTest" classname="Tests.Feature.Admin.Pages.CustomFieldsSectionManagementTest" file="tests/Feature/Admin/Pages/CustomFieldsSectionManagementTest.php::`ManageCustomFieldSection - Section Actions` → it cannot delete a system-defined section" line="0" assertions="4" time="0.305975"/>
      <testcase name="`ManageCustomFieldSection - Section Actions` → it cannot delete a section containing system-defined fields" class="Tests\Feature\Admin\Pages\CustomFieldsSectionManagementTest" classname="Tests.Feature.Admin.Pages.CustomFieldsSectionManagementTest" file="tests/Feature/Admin/Pages/CustomFieldsSectionManagementTest.php::`ManageCustomFieldSection - Section Actions` → it cannot delete a section containing system-defined fields" line="0" assertions="4" time="0.251853"/>
      <testcase name="`ManageCustomFieldSection - Section Actions` → it can delete a section with only user-defined fields" class="Tests\Feature\Admin\Pages\CustomFieldsSectionManagementTest" classname="Tests.Feature.Admin.Pages.CustomFieldsSectionManagementTest" file="tests/Feature/Admin/Pages/CustomFieldsSectionManagementTest.php::`ManageCustomFieldSection - Section Actions` → it can delete a section with only user-defined fields" line="0" assertions="4" time="0.250537"/>
    </testsuite>
    <testsuite name="Tests\Feature\Admin\Pages\CustomFieldsValidationTest" file="tests/Feature/Admin/Pages/CustomFieldsValidationTest.php" tests="120" assertions="391" errors="0" failures="0" skipped="0" time="7.265555">
      <testsuite name="`CustomFieldsPage - Field Validation Testing` → it validates field type compatibility with validation rul" tests="11" assertions="126" errors="0" failures="0" skipped="0" time="0.386615">
        <testcase name="`CustomFieldsPage - Field Validation Testing` → it validates field type compatibility with validation rules with data set &quot;dataset &quot;text_field_rules&quot;&quot;" class="Tests\Feature\Admin\Pages\CustomFieldsValidationTest" classname="Tests.Feature.Admin.Pages.CustomFieldsValidationTest" file="tests/Feature/Admin/Pages/CustomFieldsValidationTest.php::`CustomFieldsPage - Field Validation Testing` → it validates field type compatibility with validation rules with data set &quot;dataset &quot;text_field_rules&quot;&quot;" line="0" assertions="16" time="0.046542"/>
        <testcase name="`CustomFieldsPage - Field Validation Testing` → it validates field type compatibility with validation rules with data set &quot;dataset &quot;number_field_rules&quot;&quot;" class="Tests\Feature\Admin\Pages\CustomFieldsValidationTest" classname="Tests.Feature.Admin.Pages.CustomFieldsValidationTest" file="tests/Feature/Admin/Pages/CustomFieldsValidationTest.php::`CustomFieldsPage - Field Validation Testing` → it validates field type compatibility with validation rules with data set &quot;dataset &quot;number_field_rules&quot;&quot;" line="0" assertions="12" time="0.035737"/>
        <testcase name="`CustomFieldsPage - Field Validation Testing` → it validates field type compatibility with validation rules with data set &quot;dataset &quot;currency_field_rules&quot;&quot;" class="Tests\Feature\Admin\Pages\CustomFieldsValidationTest" classname="Tests.Feature.Admin.Pages.CustomFieldsValidationTest" file="tests/Feature/Admin/Pages/CustomFieldsValidationTest.php::`CustomFieldsPage - Field Validation Testing` → it validates field type compatibility with validation rules with data set &quot;dataset &quot;currency_field_rules&quot;&quot;" line="0" assertions="12" time="0.033512"/>
        <testcase name="`CustomFieldsPage - Field Validation Testing` → it validates field type compatibility with validation rules with data set &quot;dataset &quot;date_field_rules&quot;&quot;" class="Tests\Feature\Admin\Pages\CustomFieldsValidationTest" classname="Tests.Feature.Admin.Pages.CustomFieldsValidationTest" file="tests/Feature/Admin/Pages/CustomFieldsValidationTest.php::`CustomFieldsPage - Field Validation Testing` → it validates field type compatibility with validation rules with data set &quot;dataset &quot;date_field_rules&quot;&quot;" line="0" assertions="12" time="0.027807"/>
        <testcase name="`CustomFieldsPage - Field Validation Testing` → it validates field type compatibility with validation rules with data set &quot;dataset &quot;boolean_field_rules&quot;&quot;" class="Tests\Feature\Admin\Pages\CustomFieldsValidationTest" classname="Tests.Feature.Admin.Pages.CustomFieldsValidationTest" file="tests/Feature/Admin/Pages/CustomFieldsValidationTest.php::`CustomFieldsPage - Field Validation Testing` → it validates field type compatibility with validation rules with data set &quot;dataset &quot;boolean_field_rules&quot;&quot;" line="0" assertions="8" time="0.025482"/>
        <testcase name="`CustomFieldsPage - Field Validation Testing` → it validates field type compatibility with validation rules with data set &quot;dataset &quot;select_field_rules&quot;&quot;" class="Tests\Feature\Admin\Pages\CustomFieldsValidationTest" classname="Tests.Feature.Admin.Pages.CustomFieldsValidationTest" file="tests/Feature/Admin/Pages/CustomFieldsValidationTest.php::`CustomFieldsPage - Field Validation Testing` → it validates field type compatibility with validation rules with data set &quot;dataset &quot;select_field_rules&quot;&quot;" line="0" assertions="8" time="0.032214"/>
        <testcase name="`CustomFieldsPage - Field Validation Testing` → it validates field type compatibility with validation rules with data set &quot;dataset &quot;multi_select_field_rules&quot;&quot;" class="Tests\Feature\Admin\Pages\CustomFieldsValidationTest" classname="Tests.Feature.Admin.Pages.CustomFieldsValidationTest" file="tests/Feature/Admin/Pages/CustomFieldsValidationTest.php::`CustomFieldsPage - Field Validation Testing` → it validates field type compatibility with validation rules with data set &quot;dataset &quot;multi_select_field_rules&quot;&quot;" line="0" assertions="12" time="0.030600"/>
        <testcase name="`CustomFieldsPage - Field Validation Testing` → it validates field type compatibility with validation rules with data set &quot;dataset &quot;checkbox-list_field_rules&quot;&quot;" class="Tests\Feature\Admin\Pages\CustomFieldsValidationTest" classname="Tests.Feature.Admin.Pages.CustomFieldsValidationTest" file="tests/Feature/Admin/Pages/CustomFieldsValidationTest.php::`CustomFieldsPage - Field Validation Testing` → it validates field type compatibility with validation rules with data set &quot;dataset &quot;checkbox-list_field_rules&quot;&quot;" line="0" assertions="11" time="0.032856"/>
        <testcase name="`CustomFieldsPage - Field Validation Testing` → it validates field type compatibility with validation rules with data set &quot;dataset &quot;rich-editor_field_rules&quot;&quot;" class="Tests\Feature\Admin\Pages\CustomFieldsValidationTest" classname="Tests.Feature.Admin.Pages.CustomFieldsValidationTest" file="tests/Feature/Admin/Pages/CustomFieldsValidationTest.php::`CustomFieldsPage - Field Validation Testing` → it validates field type compatibility with validation rules with data set &quot;dataset &quot;rich-editor_field_rules&quot;&quot;" line="0" assertions="12" time="0.035699"/>
        <testcase name="`CustomFieldsPage - Field Validation Testing` → it validates field type compatibility with validation rules with data set &quot;dataset &quot;url_field_rules&quot;&quot;" class="Tests\Feature\Admin\Pages\CustomFieldsValidationTest" classname="Tests.Feature.Admin.Pages.CustomFieldsValidationTest" file="tests/Feature/Admin/Pages/CustomFieldsValidationTest.php::`CustomFieldsPage - Field Validation Testing` → it validates field type compatibility with validation rules with data set &quot;dataset &quot;url_field_rules&quot;&quot;" line="0" assertions="9" time="0.041213"/>
        <testcase name="`CustomFieldsPage - Field Validation Testing` → it validates field type compatibility with validation rules with data set &quot;dataset &quot;phone_field_rules&quot;&quot;" class="Tests\Feature\Admin\Pages\CustomFieldsValidationTest" classname="Tests.Feature.Admin.Pages.CustomFieldsValidationTest" file="tests/Feature/Admin/Pages/CustomFieldsValidationTest.php::`CustomFieldsPage - Field Validation Testing` → it validates field type compatibility with validation rules with data set &quot;dataset &quot;phone_field_rules&quot;&quot;" line="0" assertions="14" time="0.044954"/>
      </testsuite>
      <testsuite name="`CustomFieldsPage - Field Validation Testing` → it handles all validation rules with their parameters correct" tests="87" assertions="174" errors="0" failures="0" skipped="0" time="2.786623">
        <testcase name="`CustomFieldsPage - Field Validation Testing` → it handles all validation rules with their parameters correctly with data set &quot;dataset &quot;required&quot;&quot;" class="Tests\Feature\Admin\Pages\CustomFieldsValidationTest" classname="Tests.Feature.Admin.Pages.CustomFieldsValidationTest" file="tests/Feature/Admin/Pages/CustomFieldsValidationTest.php::`CustomFieldsPage - Field Validation Testing` → it handles all validation rules with their parameters correctly with data set &quot;dataset &quot;required&quot;&quot;" line="0" assertions="2" time="0.038183"/>
        <testcase name="`CustomFieldsPage - Field Validation Testing` → it handles all validation rules with their parameters correctly with data set &quot;dataset &quot;accepted&quot;&quot;" class="Tests\Feature\Admin\Pages\CustomFieldsValidationTest" classname="Tests.Feature.Admin.Pages.CustomFieldsValidationTest" file="tests/Feature/Admin/Pages/CustomFieldsValidationTest.php::`CustomFieldsPage - Field Validation Testing` → it handles all validation rules with their parameters correctly with data set &quot;dataset &quot;accepted&quot;&quot;" line="0" assertions="2" time="0.032180"/>
        <testcase name="`CustomFieldsPage - Field Validation Testing` → it handles all validation rules with their parameters correctly with data set &quot;dataset &quot;active_url&quot;&quot;" class="Tests\Feature\Admin\Pages\CustomFieldsValidationTest" classname="Tests.Feature.Admin.Pages.CustomFieldsValidationTest" file="tests/Feature/Admin/Pages/CustomFieldsValidationTest.php::`CustomFieldsPage - Field Validation Testing` → it handles all validation rules with their parameters correctly with data set &quot;dataset &quot;active_url&quot;&quot;" line="0" assertions="2" time="0.031233"/>
        <testcase name="`CustomFieldsPage - Field Validation Testing` → it handles all validation rules with their parameters correctly with data set &quot;dataset &quot;alpha&quot;&quot;" class="Tests\Feature\Admin\Pages\CustomFieldsValidationTest" classname="Tests.Feature.Admin.Pages.CustomFieldsValidationTest" file="tests/Feature/Admin/Pages/CustomFieldsValidationTest.php::`CustomFieldsPage - Field Validation Testing` → it handles all validation rules with their parameters correctly with data set &quot;dataset &quot;alpha&quot;&quot;" line="0" assertions="2" time="0.038601"/>
        <testcase name="`CustomFieldsPage - Field Validation Testing` → it handles all validation rules with their parameters correctly with data set &quot;dataset &quot;alpha_dash&quot;&quot;" class="Tests\Feature\Admin\Pages\CustomFieldsValidationTest" classname="Tests.Feature.Admin.Pages.CustomFieldsValidationTest" file="tests/Feature/Admin/Pages/CustomFieldsValidationTest.php::`CustomFieldsPage - Field Validation Testing` → it handles all validation rules with their parameters correctly with data set &quot;dataset &quot;alpha_dash&quot;&quot;" line="0" assertions="2" time="0.038572"/>
        <testcase name="`CustomFieldsPage - Field Validation Testing` → it handles all validation rules with their parameters correctly with data set &quot;dataset &quot;alpha_num&quot;&quot;" class="Tests\Feature\Admin\Pages\CustomFieldsValidationTest" classname="Tests.Feature.Admin.Pages.CustomFieldsValidationTest" file="tests/Feature/Admin/Pages/CustomFieldsValidationTest.php::`CustomFieldsPage - Field Validation Testing` → it handles all validation rules with their parameters correctly with data set &quot;dataset &quot;alpha_num&quot;&quot;" line="0" assertions="2" time="0.034050"/>
        <testcase name="`CustomFieldsPage - Field Validation Testing` → it handles all validation rules with their parameters correctly with data set &quot;dataset &quot;array&quot;&quot;" class="Tests\Feature\Admin\Pages\CustomFieldsValidationTest" classname="Tests.Feature.Admin.Pages.CustomFieldsValidationTest" file="tests/Feature/Admin/Pages/CustomFieldsValidationTest.php::`CustomFieldsPage - Field Validation Testing` → it handles all validation rules with their parameters correctly with data set &quot;dataset &quot;array&quot;&quot;" line="0" assertions="2" time="0.029498"/>
        <testcase name="`CustomFieldsPage - Field Validation Testing` → it handles all validation rules with their parameters correctly with data set &quot;dataset &quot;ascii&quot;&quot;" class="Tests\Feature\Admin\Pages\CustomFieldsValidationTest" classname="Tests.Feature.Admin.Pages.CustomFieldsValidationTest" file="tests/Feature/Admin/Pages/CustomFieldsValidationTest.php::`CustomFieldsPage - Field Validation Testing` → it handles all validation rules with their parameters correctly with data set &quot;dataset &quot;ascii&quot;&quot;" line="0" assertions="2" time="0.028749"/>
        <testcase name="`CustomFieldsPage - Field Validation Testing` → it handles all validation rules with their parameters correctly with data set &quot;dataset &quot;boolean&quot;&quot;" class="Tests\Feature\Admin\Pages\CustomFieldsValidationTest" classname="Tests.Feature.Admin.Pages.CustomFieldsValidationTest" file="tests/Feature/Admin/Pages/CustomFieldsValidationTest.php::`CustomFieldsPage - Field Validation Testing` → it handles all validation rules with their parameters correctly with data set &quot;dataset &quot;boolean&quot;&quot;" line="0" assertions="2" time="0.028154"/>
        <testcase name="`CustomFieldsPage - Field Validation Testing` → it handles all validation rules with their parameters correctly with data set &quot;dataset &quot;confirmed&quot;&quot;" class="Tests\Feature\Admin\Pages\CustomFieldsValidationTest" classname="Tests.Feature.Admin.Pages.CustomFieldsValidationTest" file="tests/Feature/Admin/Pages/CustomFieldsValidationTest.php::`CustomFieldsPage - Field Validation Testing` → it handles all validation rules with their parameters correctly with data set &quot;dataset &quot;confirmed&quot;&quot;" line="0" assertions="2" time="0.033312"/>
        <testcase name="`CustomFieldsPage - Field Validation Testing` → it handles all validation rules with their parameters correctly with data set &quot;dataset &quot;current_password&quot;&quot;" class="Tests\Feature\Admin\Pages\CustomFieldsValidationTest" classname="Tests.Feature.Admin.Pages.CustomFieldsValidationTest" file="tests/Feature/Admin/Pages/CustomFieldsValidationTest.php::`CustomFieldsPage - Field Validation Testing` → it handles all validation rules with their parameters correctly with data set &quot;dataset &quot;current_password&quot;&quot;" line="0" assertions="2" time="0.032556"/>
        <testcase name="`CustomFieldsPage - Field Validation Testing` → it handles all validation rules with their parameters correctly with data set &quot;dataset &quot;date&quot;&quot;" class="Tests\Feature\Admin\Pages\CustomFieldsValidationTest" classname="Tests.Feature.Admin.Pages.CustomFieldsValidationTest" file="tests/Feature/Admin/Pages/CustomFieldsValidationTest.php::`CustomFieldsPage - Field Validation Testing` → it handles all validation rules with their parameters correctly with data set &quot;dataset &quot;date&quot;&quot;" line="0" assertions="2" time="0.029631"/>
        <testcase name="`CustomFieldsPage - Field Validation Testing` → it handles all validation rules with their parameters correctly with data set &quot;dataset &quot;declined&quot;&quot;" class="Tests\Feature\Admin\Pages\CustomFieldsValidationTest" classname="Tests.Feature.Admin.Pages.CustomFieldsValidationTest" file="tests/Feature/Admin/Pages/CustomFieldsValidationTest.php::`CustomFieldsPage - Field Validation Testing` → it handles all validation rules with their parameters correctly with data set &quot;dataset &quot;declined&quot;&quot;" line="0" assertions="2" time="0.029352"/>
        <testcase name="`CustomFieldsPage - Field Validation Testing` → it handles all validation rules with their parameters correctly with data set &quot;dataset &quot;distinct&quot;&quot;" class="Tests\Feature\Admin\Pages\CustomFieldsValidationTest" classname="Tests.Feature.Admin.Pages.CustomFieldsValidationTest" file="tests/Feature/Admin/Pages/CustomFieldsValidationTest.php::`CustomFieldsPage - Field Validation Testing` → it handles all validation rules with their parameters correctly with data set &quot;dataset &quot;distinct&quot;&quot;" line="0" assertions="2" time="0.031591"/>
        <testcase name="`CustomFieldsPage - Field Validation Testing` → it handles all validation rules with their parameters correctly with data set &quot;dataset &quot;email&quot;&quot;" class="Tests\Feature\Admin\Pages\CustomFieldsValidationTest" classname="Tests.Feature.Admin.Pages.CustomFieldsValidationTest" file="tests/Feature/Admin/Pages/CustomFieldsValidationTest.php::`CustomFieldsPage - Field Validation Testing` → it handles all validation rules with their parameters correctly with data set &quot;dataset &quot;email&quot;&quot;" line="0" assertions="2" time="0.023181"/>
        <testcase name="`CustomFieldsPage - Field Validation Testing` → it handles all validation rules with their parameters correctly with data set &quot;dataset &quot;phone&quot;&quot;" class="Tests\Feature\Admin\Pages\CustomFieldsValidationTest" classname="Tests.Feature.Admin.Pages.CustomFieldsValidationTest" file="tests/Feature/Admin/Pages/CustomFieldsValidationTest.php::`CustomFieldsPage - Field Validation Testing` → it handles all validation rules with their parameters correctly with data set &quot;dataset &quot;phone&quot;&quot;" line="0" assertions="2" time="0.026833"/>
        <testcase name="`CustomFieldsPage - Field Validation Testing` → it handles all validation rules with their parameters correctly with data set &quot;dataset &quot;phone_with_country&quot;&quot;" class="Tests\Feature\Admin\Pages\CustomFieldsValidationTest" classname="Tests.Feature.Admin.Pages.CustomFieldsValidationTest" file="tests/Feature/Admin/Pages/CustomFieldsValidationTest.php::`CustomFieldsPage - Field Validation Testing` → it handles all validation rules with their parameters correctly with data set &quot;dataset &quot;phone_with_country&quot;&quot;" line="0" assertions="2" time="0.025471"/>
        <testcase name="`CustomFieldsPage - Field Validation Testing` → it handles all validation rules with their parameters correctly with data set &quot;dataset &quot;file&quot;&quot;" class="Tests\Feature\Admin\Pages\CustomFieldsValidationTest" classname="Tests.Feature.Admin.Pages.CustomFieldsValidationTest" file="tests/Feature/Admin/Pages/CustomFieldsValidationTest.php::`CustomFieldsPage - Field Validation Testing` → it handles all validation rules with their parameters correctly with data set &quot;dataset &quot;file&quot;&quot;" line="0" assertions="2" time="0.028183"/>
        <testcase name="`CustomFieldsPage - Field Validation Testing` → it handles all validation rules with their parameters correctly with data set &quot;dataset &quot;filled&quot;&quot;" class="Tests\Feature\Admin\Pages\CustomFieldsValidationTest" classname="Tests.Feature.Admin.Pages.CustomFieldsValidationTest" file="tests/Feature/Admin/Pages/CustomFieldsValidationTest.php::`CustomFieldsPage - Field Validation Testing` → it handles all validation rules with their parameters correctly with data set &quot;dataset &quot;filled&quot;&quot;" line="0" assertions="2" time="0.029616"/>
        <testcase name="`CustomFieldsPage - Field Validation Testing` → it handles all validation rules with their parameters correctly with data set &quot;dataset &quot;image&quot;&quot;" class="Tests\Feature\Admin\Pages\CustomFieldsValidationTest" classname="Tests.Feature.Admin.Pages.CustomFieldsValidationTest" file="tests/Feature/Admin/Pages/CustomFieldsValidationTest.php::`CustomFieldsPage - Field Validation Testing` → it handles all validation rules with their parameters correctly with data set &quot;dataset &quot;image&quot;&quot;" line="0" assertions="2" time="0.030339"/>
        <testcase name="`CustomFieldsPage - Field Validation Testing` → it handles all validation rules with their parameters correctly with data set &quot;dataset &quot;integer&quot;&quot;" class="Tests\Feature\Admin\Pages\CustomFieldsValidationTest" classname="Tests.Feature.Admin.Pages.CustomFieldsValidationTest" file="tests/Feature/Admin/Pages/CustomFieldsValidationTest.php::`CustomFieldsPage - Field Validation Testing` → it handles all validation rules with their parameters correctly with data set &quot;dataset &quot;integer&quot;&quot;" line="0" assertions="2" time="0.033033"/>
        <testcase name="`CustomFieldsPage - Field Validation Testing` → it handles all validation rules with their parameters correctly with data set &quot;dataset &quot;ip&quot;&quot;" class="Tests\Feature\Admin\Pages\CustomFieldsValidationTest" classname="Tests.Feature.Admin.Pages.CustomFieldsValidationTest" file="tests/Feature/Admin/Pages/CustomFieldsValidationTest.php::`CustomFieldsPage - Field Validation Testing` → it handles all validation rules with their parameters correctly with data set &quot;dataset &quot;ip&quot;&quot;" line="0" assertions="2" time="0.031171"/>
        <testcase name="`CustomFieldsPage - Field Validation Testing` → it handles all validation rules with their parameters correctly with data set &quot;dataset &quot;ipv4&quot;&quot;" class="Tests\Feature\Admin\Pages\CustomFieldsValidationTest" classname="Tests.Feature.Admin.Pages.CustomFieldsValidationTest" file="tests/Feature/Admin/Pages/CustomFieldsValidationTest.php::`CustomFieldsPage - Field Validation Testing` → it handles all validation rules with their parameters correctly with data set &quot;dataset &quot;ipv4&quot;&quot;" line="0" assertions="2" time="0.028725"/>
        <testcase name="`CustomFieldsPage - Field Validation Testing` → it handles all validation rules with their parameters correctly with data set &quot;dataset &quot;ipv6&quot;&quot;" class="Tests\Feature\Admin\Pages\CustomFieldsValidationTest" classname="Tests.Feature.Admin.Pages.CustomFieldsValidationTest" file="tests/Feature/Admin/Pages/CustomFieldsValidationTest.php::`CustomFieldsPage - Field Validation Testing` → it handles all validation rules with their parameters correctly with data set &quot;dataset &quot;ipv6&quot;&quot;" line="0" assertions="2" time="0.027841"/>
        <testcase name="`CustomFieldsPage - Field Validation Testing` → it handles all validation rules with their parameters correctly with data set &quot;dataset &quot;json&quot;&quot;" class="Tests\Feature\Admin\Pages\CustomFieldsValidationTest" classname="Tests.Feature.Admin.Pages.CustomFieldsValidationTest" file="tests/Feature/Admin/Pages/CustomFieldsValidationTest.php::`CustomFieldsPage - Field Validation Testing` → it handles all validation rules with their parameters correctly with data set &quot;dataset &quot;json&quot;&quot;" line="0" assertions="2" time="0.022937"/>
        <testcase name="`CustomFieldsPage - Field Validation Testing` → it handles all validation rules with their parameters correctly with data set &quot;dataset &quot;mac_address&quot;&quot;" class="Tests\Feature\Admin\Pages\CustomFieldsValidationTest" classname="Tests.Feature.Admin.Pages.CustomFieldsValidationTest" file="tests/Feature/Admin/Pages/CustomFieldsValidationTest.php::`CustomFieldsPage - Field Validation Testing` → it handles all validation rules with their parameters correctly with data set &quot;dataset &quot;mac_address&quot;&quot;" line="0" assertions="2" time="0.028579"/>
        <testcase name="`CustomFieldsPage - Field Validation Testing` → it handles all validation rules with their parameters correctly with data set &quot;dataset &quot;numeric&quot;&quot;" class="Tests\Feature\Admin\Pages\CustomFieldsValidationTest" classname="Tests.Feature.Admin.Pages.CustomFieldsValidationTest" file="tests/Feature/Admin/Pages/CustomFieldsValidationTest.php::`CustomFieldsPage - Field Validation Testing` → it handles all validation rules with their parameters correctly with data set &quot;dataset &quot;numeric&quot;&quot;" line="0" assertions="2" time="0.027433"/>
        <testcase name="`CustomFieldsPage - Field Validation Testing` → it handles all validation rules with their parameters correctly with data set &quot;dataset &quot;password&quot;&quot;" class="Tests\Feature\Admin\Pages\CustomFieldsValidationTest" classname="Tests.Feature.Admin.Pages.CustomFieldsValidationTest" file="tests/Feature/Admin/Pages/CustomFieldsValidationTest.php::`CustomFieldsPage - Field Validation Testing` → it handles all validation rules with their parameters correctly with data set &quot;dataset &quot;password&quot;&quot;" line="0" assertions="2" time="0.118713"/>
        <testcase name="`CustomFieldsPage - Field Validation Testing` → it handles all validation rules with their parameters correctly with data set &quot;dataset &quot;present&quot;&quot;" class="Tests\Feature\Admin\Pages\CustomFieldsValidationTest" classname="Tests.Feature.Admin.Pages.CustomFieldsValidationTest" file="tests/Feature/Admin/Pages/CustomFieldsValidationTest.php::`CustomFieldsPage - Field Validation Testing` → it handles all validation rules with their parameters correctly with data set &quot;dataset &quot;present&quot;&quot;" line="0" assertions="2" time="0.042048"/>
        <testcase name="`CustomFieldsPage - Field Validation Testing` → it handles all validation rules with their parameters correctly with data set &quot;dataset &quot;prohibited&quot;&quot;" class="Tests\Feature\Admin\Pages\CustomFieldsValidationTest" classname="Tests.Feature.Admin.Pages.CustomFieldsValidationTest" file="tests/Feature/Admin/Pages/CustomFieldsValidationTest.php::`CustomFieldsPage - Field Validation Testing` → it handles all validation rules with their parameters correctly with data set &quot;dataset &quot;prohibited&quot;&quot;" line="0" assertions="2" time="0.043006"/>
        <testcase name="`CustomFieldsPage - Field Validation Testing` → it handles all validation rules with their parameters correctly with data set &quot;dataset &quot;string&quot;&quot;" class="Tests\Feature\Admin\Pages\CustomFieldsValidationTest" classname="Tests.Feature.Admin.Pages.CustomFieldsValidationTest" file="tests/Feature/Admin/Pages/CustomFieldsValidationTest.php::`CustomFieldsPage - Field Validation Testing` → it handles all validation rules with their parameters correctly with data set &quot;dataset &quot;string&quot;&quot;" line="0" assertions="2" time="0.042291"/>
        <testcase name="`CustomFieldsPage - Field Validation Testing` → it handles all validation rules with their parameters correctly with data set &quot;dataset &quot;timezone&quot;&quot;" class="Tests\Feature\Admin\Pages\CustomFieldsValidationTest" classname="Tests.Feature.Admin.Pages.CustomFieldsValidationTest" file="tests/Feature/Admin/Pages/CustomFieldsValidationTest.php::`CustomFieldsPage - Field Validation Testing` → it handles all validation rules with their parameters correctly with data set &quot;dataset &quot;timezone&quot;&quot;" line="0" assertions="2" time="0.039735"/>
        <testcase name="`CustomFieldsPage - Field Validation Testing` → it handles all validation rules with their parameters correctly with data set &quot;dataset &quot;uppercase&quot;&quot;" class="Tests\Feature\Admin\Pages\CustomFieldsValidationTest" classname="Tests.Feature.Admin.Pages.CustomFieldsValidationTest" file="tests/Feature/Admin/Pages/CustomFieldsValidationTest.php::`CustomFieldsPage - Field Validation Testing` → it handles all validation rules with their parameters correctly with data set &quot;dataset &quot;uppercase&quot;&quot;" line="0" assertions="2" time="0.044126"/>
        <testcase name="`CustomFieldsPage - Field Validation Testing` → it handles all validation rules with their parameters correctly with data set &quot;dataset &quot;url&quot;&quot;" class="Tests\Feature\Admin\Pages\CustomFieldsValidationTest" classname="Tests.Feature.Admin.Pages.CustomFieldsValidationTest" file="tests/Feature/Admin/Pages/CustomFieldsValidationTest.php::`CustomFieldsPage - Field Validation Testing` → it handles all validation rules with their parameters correctly with data set &quot;dataset &quot;url&quot;&quot;" line="0" assertions="2" time="0.057640"/>
        <testcase name="`CustomFieldsPage - Field Validation Testing` → it handles all validation rules with their parameters correctly with data set &quot;dataset &quot;uuid&quot;&quot;" class="Tests\Feature\Admin\Pages\CustomFieldsValidationTest" classname="Tests.Feature.Admin.Pages.CustomFieldsValidationTest" file="tests/Feature/Admin/Pages/CustomFieldsValidationTest.php::`CustomFieldsPage - Field Validation Testing` → it handles all validation rules with their parameters correctly with data set &quot;dataset &quot;uuid&quot;&quot;" line="0" assertions="2" time="0.033168"/>
        <testcase name="`CustomFieldsPage - Field Validation Testing` → it handles all validation rules with their parameters correctly with data set &quot;dataset &quot;min_length&quot;&quot;" class="Tests\Feature\Admin\Pages\CustomFieldsValidationTest" classname="Tests.Feature.Admin.Pages.CustomFieldsValidationTest" file="tests/Feature/Admin/Pages/CustomFieldsValidationTest.php::`CustomFieldsPage - Field Validation Testing` → it handles all validation rules with their parameters correctly with data set &quot;dataset &quot;min_length&quot;&quot;" line="0" assertions="2" time="0.035272"/>
        <testcase name="`CustomFieldsPage - Field Validation Testing` → it handles all validation rules with their parameters correctly with data set &quot;dataset &quot;max_length&quot;&quot;" class="Tests\Feature\Admin\Pages\CustomFieldsValidationTest" classname="Tests.Feature.Admin.Pages.CustomFieldsValidationTest" file="tests/Feature/Admin/Pages/CustomFieldsValidationTest.php::`CustomFieldsPage - Field Validation Testing` → it handles all validation rules with their parameters correctly with data set &quot;dataset &quot;max_length&quot;&quot;" line="0" assertions="2" time="0.035767"/>
        <testcase name="`CustomFieldsPage - Field Validation Testing` → it handles all validation rules with their parameters correctly with data set &quot;dataset &quot;size&quot;&quot;" class="Tests\Feature\Admin\Pages\CustomFieldsValidationTest" classname="Tests.Feature.Admin.Pages.CustomFieldsValidationTest" file="tests/Feature/Admin/Pages/CustomFieldsValidationTest.php::`CustomFieldsPage - Field Validation Testing` → it handles all validation rules with their parameters correctly with data set &quot;dataset &quot;size&quot;&quot;" line="0" assertions="2" time="0.036765"/>
        <testcase name="`CustomFieldsPage - Field Validation Testing` → it handles all validation rules with their parameters correctly with data set &quot;dataset &quot;digits&quot;&quot;" class="Tests\Feature\Admin\Pages\CustomFieldsValidationTest" classname="Tests.Feature.Admin.Pages.CustomFieldsValidationTest" file="tests/Feature/Admin/Pages/CustomFieldsValidationTest.php::`CustomFieldsPage - Field Validation Testing` → it handles all validation rules with their parameters correctly with data set &quot;dataset &quot;digits&quot;&quot;" line="0" assertions="2" time="0.036841"/>
        <testcase name="`CustomFieldsPage - Field Validation Testing` → it handles all validation rules with their parameters correctly with data set &quot;dataset &quot;max_digits&quot;&quot;" class="Tests\Feature\Admin\Pages\CustomFieldsValidationTest" classname="Tests.Feature.Admin.Pages.CustomFieldsValidationTest" file="tests/Feature/Admin/Pages/CustomFieldsValidationTest.php::`CustomFieldsPage - Field Validation Testing` → it handles all validation rules with their parameters correctly with data set &quot;dataset &quot;max_digits&quot;&quot;" line="0" assertions="2" time="0.030669"/>
        <testcase name="`CustomFieldsPage - Field Validation Testing` → it handles all validation rules with their parameters correctly with data set &quot;dataset &quot;min_digits&quot;&quot;" class="Tests\Feature\Admin\Pages\CustomFieldsValidationTest" classname="Tests.Feature.Admin.Pages.CustomFieldsValidationTest" file="tests/Feature/Admin/Pages/CustomFieldsValidationTest.php::`CustomFieldsPage - Field Validation Testing` → it handles all validation rules with their parameters correctly with data set &quot;dataset &quot;min_digits&quot;&quot;" line="0" assertions="2" time="0.032465"/>
        <testcase name="`CustomFieldsPage - Field Validation Testing` → it handles all validation rules with their parameters correctly with data set &quot;dataset &quot;multiple_of&quot;&quot;" class="Tests\Feature\Admin\Pages\CustomFieldsValidationTest" classname="Tests.Feature.Admin.Pages.CustomFieldsValidationTest" file="tests/Feature/Admin/Pages/CustomFieldsValidationTest.php::`CustomFieldsPage - Field Validation Testing` → it handles all validation rules with their parameters correctly with data set &quot;dataset &quot;multiple_of&quot;&quot;" line="0" assertions="2" time="0.044333"/>
        <testcase name="`CustomFieldsPage - Field Validation Testing` → it handles all validation rules with their parameters correctly with data set &quot;dataset &quot;after&quot;&quot;" class="Tests\Feature\Admin\Pages\CustomFieldsValidationTest" classname="Tests.Feature.Admin.Pages.CustomFieldsValidationTest" file="tests/Feature/Admin/Pages/CustomFieldsValidationTest.php::`CustomFieldsPage - Field Validation Testing` → it handles all validation rules with their parameters correctly with data set &quot;dataset &quot;after&quot;&quot;" line="0" assertions="2" time="0.032132"/>
        <testcase name="`CustomFieldsPage - Field Validation Testing` → it handles all validation rules with their parameters correctly with data set &quot;dataset &quot;after_or_equal&quot;&quot;" class="Tests\Feature\Admin\Pages\CustomFieldsValidationTest" classname="Tests.Feature.Admin.Pages.CustomFieldsValidationTest" file="tests/Feature/Admin/Pages/CustomFieldsValidationTest.php::`CustomFieldsPage - Field Validation Testing` → it handles all validation rules with their parameters correctly with data set &quot;dataset &quot;after_or_equal&quot;&quot;" line="0" assertions="2" time="0.028456"/>
        <testcase name="`CustomFieldsPage - Field Validation Testing` → it handles all validation rules with their parameters correctly with data set &quot;dataset &quot;before&quot;&quot;" class="Tests\Feature\Admin\Pages\CustomFieldsValidationTest" classname="Tests.Feature.Admin.Pages.CustomFieldsValidationTest" file="tests/Feature/Admin/Pages/CustomFieldsValidationTest.php::`CustomFieldsPage - Field Validation Testing` → it handles all validation rules with their parameters correctly with data set &quot;dataset &quot;before&quot;&quot;" line="0" assertions="2" time="0.031469"/>
        <testcase name="`CustomFieldsPage - Field Validation Testing` → it handles all validation rules with their parameters correctly with data set &quot;dataset &quot;before_or_equal&quot;&quot;" class="Tests\Feature\Admin\Pages\CustomFieldsValidationTest" classname="Tests.Feature.Admin.Pages.CustomFieldsValidationTest" file="tests/Feature/Admin/Pages/CustomFieldsValidationTest.php::`CustomFieldsPage - Field Validation Testing` → it handles all validation rules with their parameters correctly with data set &quot;dataset &quot;before_or_equal&quot;&quot;" line="0" assertions="2" time="0.034369"/>
        <testcase name="`CustomFieldsPage - Field Validation Testing` → it handles all validation rules with their parameters correctly with data set &quot;dataset &quot;date_equals&quot;&quot;" class="Tests\Feature\Admin\Pages\CustomFieldsValidationTest" classname="Tests.Feature.Admin.Pages.CustomFieldsValidationTest" file="tests/Feature/Admin/Pages/CustomFieldsValidationTest.php::`CustomFieldsPage - Field Validation Testing` → it handles all validation rules with their parameters correctly with data set &quot;dataset &quot;date_equals&quot;&quot;" line="0" assertions="2" time="0.028018"/>
        <testcase name="`CustomFieldsPage - Field Validation Testing` → it handles all validation rules with their parameters correctly with data set &quot;dataset &quot;date_format&quot;&quot;" class="Tests\Feature\Admin\Pages\CustomFieldsValidationTest" classname="Tests.Feature.Admin.Pages.CustomFieldsValidationTest" file="tests/Feature/Admin/Pages/CustomFieldsValidationTest.php::`CustomFieldsPage - Field Validation Testing` → it handles all validation rules with their parameters correctly with data set &quot;dataset &quot;date_format&quot;&quot;" line="0" assertions="2" time="0.033374"/>
        <testcase name="`CustomFieldsPage - Field Validation Testing` → it handles all validation rules with their parameters correctly with data set &quot;dataset &quot;gt&quot;&quot;" class="Tests\Feature\Admin\Pages\CustomFieldsValidationTest" classname="Tests.Feature.Admin.Pages.CustomFieldsValidationTest" file="tests/Feature/Admin/Pages/CustomFieldsValidationTest.php::`CustomFieldsPage - Field Validation Testing` → it handles all validation rules with their parameters correctly with data set &quot;dataset &quot;gt&quot;&quot;" line="0" assertions="2" time="0.035675"/>
        <testcase name="`CustomFieldsPage - Field Validation Testing` → it handles all validation rules with their parameters correctly with data set &quot;dataset &quot;gte&quot;&quot;" class="Tests\Feature\Admin\Pages\CustomFieldsValidationTest" classname="Tests.Feature.Admin.Pages.CustomFieldsValidationTest" file="tests/Feature/Admin/Pages/CustomFieldsValidationTest.php::`CustomFieldsPage - Field Validation Testing` → it handles all validation rules with their parameters correctly with data set &quot;dataset &quot;gte&quot;&quot;" line="0" assertions="2" time="0.029041"/>
        <testcase name="`CustomFieldsPage - Field Validation Testing` → it handles all validation rules with their parameters correctly with data set &quot;dataset &quot;lt&quot;&quot;" class="Tests\Feature\Admin\Pages\CustomFieldsValidationTest" classname="Tests.Feature.Admin.Pages.CustomFieldsValidationTest" file="tests/Feature/Admin/Pages/CustomFieldsValidationTest.php::`CustomFieldsPage - Field Validation Testing` → it handles all validation rules with their parameters correctly with data set &quot;dataset &quot;lt&quot;&quot;" line="0" assertions="2" time="0.027986"/>
        <testcase name="`CustomFieldsPage - Field Validation Testing` → it handles all validation rules with their parameters correctly with data set &quot;dataset &quot;lte&quot;&quot;" class="Tests\Feature\Admin\Pages\CustomFieldsValidationTest" classname="Tests.Feature.Admin.Pages.CustomFieldsValidationTest" file="tests/Feature/Admin/Pages/CustomFieldsValidationTest.php::`CustomFieldsPage - Field Validation Testing` → it handles all validation rules with their parameters correctly with data set &quot;dataset &quot;lte&quot;&quot;" line="0" assertions="2" time="0.036023"/>
        <testcase name="`CustomFieldsPage - Field Validation Testing` → it handles all validation rules with their parameters correctly with data set &quot;dataset &quot;between_numeric&quot;&quot;" class="Tests\Feature\Admin\Pages\CustomFieldsValidationTest" classname="Tests.Feature.Admin.Pages.CustomFieldsValidationTest" file="tests/Feature/Admin/Pages/CustomFieldsValidationTest.php::`CustomFieldsPage - Field Validation Testing` → it handles all validation rules with their parameters correctly with data set &quot;dataset &quot;between_numeric&quot;&quot;" line="0" assertions="2" time="0.036637"/>
        <testcase name="`CustomFieldsPage - Field Validation Testing` → it handles all validation rules with their parameters correctly with data set &quot;dataset &quot;between_string&quot;&quot;" class="Tests\Feature\Admin\Pages\CustomFieldsValidationTest" classname="Tests.Feature.Admin.Pages.CustomFieldsValidationTest" file="tests/Feature/Admin/Pages/CustomFieldsValidationTest.php::`CustomFieldsPage - Field Validation Testing` → it handles all validation rules with their parameters correctly with data set &quot;dataset &quot;between_string&quot;&quot;" line="0" assertions="2" time="0.033950"/>
        <testcase name="`CustomFieldsPage - Field Validation Testing` → it handles all validation rules with their parameters correctly with data set &quot;dataset &quot;digits_between&quot;&quot;" class="Tests\Feature\Admin\Pages\CustomFieldsValidationTest" classname="Tests.Feature.Admin.Pages.CustomFieldsValidationTest" file="tests/Feature/Admin/Pages/CustomFieldsValidationTest.php::`CustomFieldsPage - Field Validation Testing` → it handles all validation rules with their parameters correctly with data set &quot;dataset &quot;digits_between&quot;&quot;" line="0" assertions="2" time="0.025748"/>
        <testcase name="`CustomFieldsPage - Field Validation Testing` → it handles all validation rules with their parameters correctly with data set &quot;dataset &quot;decimal_precision&quot;&quot;" class="Tests\Feature\Admin\Pages\CustomFieldsValidationTest" classname="Tests.Feature.Admin.Pages.CustomFieldsValidationTest" file="tests/Feature/Admin/Pages/CustomFieldsValidationTest.php::`CustomFieldsPage - Field Validation Testing` → it handles all validation rules with their parameters correctly with data set &quot;dataset &quot;decimal_precision&quot;&quot;" line="0" assertions="2" time="0.029996"/>
        <testcase name="`CustomFieldsPage - Field Validation Testing` → it handles all validation rules with their parameters correctly with data set &quot;dataset &quot;in_list&quot;&quot;" class="Tests\Feature\Admin\Pages\CustomFieldsValidationTest" classname="Tests.Feature.Admin.Pages.CustomFieldsValidationTest" file="tests/Feature/Admin/Pages/CustomFieldsValidationTest.php::`CustomFieldsPage - Field Validation Testing` → it handles all validation rules with their parameters correctly with data set &quot;dataset &quot;in_list&quot;&quot;" line="0" assertions="2" time="0.025421"/>
        <testcase name="`CustomFieldsPage - Field Validation Testing` → it handles all validation rules with their parameters correctly with data set &quot;dataset &quot;not_in_list&quot;&quot;" class="Tests\Feature\Admin\Pages\CustomFieldsValidationTest" classname="Tests.Feature.Admin.Pages.CustomFieldsValidationTest" file="tests/Feature/Admin/Pages/CustomFieldsValidationTest.php::`CustomFieldsPage - Field Validation Testing` → it handles all validation rules with their parameters correctly with data set &quot;dataset &quot;not_in_list&quot;&quot;" line="0" assertions="2" time="0.025706"/>
        <testcase name="`CustomFieldsPage - Field Validation Testing` → it handles all validation rules with their parameters correctly with data set &quot;dataset &quot;starts_with&quot;&quot;" class="Tests\Feature\Admin\Pages\CustomFieldsValidationTest" classname="Tests.Feature.Admin.Pages.CustomFieldsValidationTest" file="tests/Feature/Admin/Pages/CustomFieldsValidationTest.php::`CustomFieldsPage - Field Validation Testing` → it handles all validation rules with their parameters correctly with data set &quot;dataset &quot;starts_with&quot;&quot;" line="0" assertions="2" time="0.025426"/>
        <testcase name="`CustomFieldsPage - Field Validation Testing` → it handles all validation rules with their parameters correctly with data set &quot;dataset &quot;ends_with&quot;&quot;" class="Tests\Feature\Admin\Pages\CustomFieldsValidationTest" classname="Tests.Feature.Admin.Pages.CustomFieldsValidationTest" file="tests/Feature/Admin/Pages/CustomFieldsValidationTest.php::`CustomFieldsPage - Field Validation Testing` → it handles all validation rules with their parameters correctly with data set &quot;dataset &quot;ends_with&quot;&quot;" line="0" assertions="2" time="0.030277"/>
        <testcase name="`CustomFieldsPage - Field Validation Testing` → it handles all validation rules with their parameters correctly with data set &quot;dataset &quot;doesnt_start_with&quot;&quot;" class="Tests\Feature\Admin\Pages\CustomFieldsValidationTest" classname="Tests.Feature.Admin.Pages.CustomFieldsValidationTest" file="tests/Feature/Admin/Pages/CustomFieldsValidationTest.php::`CustomFieldsPage - Field Validation Testing` → it handles all validation rules with their parameters correctly with data set &quot;dataset &quot;doesnt_start_with&quot;&quot;" line="0" assertions="2" time="0.026445"/>
        <testcase name="`CustomFieldsPage - Field Validation Testing` → it handles all validation rules with their parameters correctly with data set &quot;dataset &quot;doesnt_end_with&quot;&quot;" class="Tests\Feature\Admin\Pages\CustomFieldsValidationTest" classname="Tests.Feature.Admin.Pages.CustomFieldsValidationTest" file="tests/Feature/Admin/Pages/CustomFieldsValidationTest.php::`CustomFieldsPage - Field Validation Testing` → it handles all validation rules with their parameters correctly with data set &quot;dataset &quot;doesnt_end_with&quot;&quot;" line="0" assertions="2" time="0.029180"/>
        <testcase name="`CustomFieldsPage - Field Validation Testing` → it handles all validation rules with their parameters correctly with data set &quot;dataset &quot;mimes&quot;&quot;" class="Tests\Feature\Admin\Pages\CustomFieldsValidationTest" classname="Tests.Feature.Admin.Pages.CustomFieldsValidationTest" file="tests/Feature/Admin/Pages/CustomFieldsValidationTest.php::`CustomFieldsPage - Field Validation Testing` → it handles all validation rules with their parameters correctly with data set &quot;dataset &quot;mimes&quot;&quot;" line="0" assertions="2" time="0.030712"/>
        <testcase name="`CustomFieldsPage - Field Validation Testing` → it handles all validation rules with their parameters correctly with data set &quot;dataset &quot;mimetypes&quot;&quot;" class="Tests\Feature\Admin\Pages\CustomFieldsValidationTest" classname="Tests.Feature.Admin.Pages.CustomFieldsValidationTest" file="tests/Feature/Admin/Pages/CustomFieldsValidationTest.php::`CustomFieldsPage - Field Validation Testing` → it handles all validation rules with their parameters correctly with data set &quot;dataset &quot;mimetypes&quot;&quot;" line="0" assertions="2" time="0.026502"/>
        <testcase name="`CustomFieldsPage - Field Validation Testing` → it handles all validation rules with their parameters correctly with data set &quot;dataset &quot;required_if&quot;&quot;" class="Tests\Feature\Admin\Pages\CustomFieldsValidationTest" classname="Tests.Feature.Admin.Pages.CustomFieldsValidationTest" file="tests/Feature/Admin/Pages/CustomFieldsValidationTest.php::`CustomFieldsPage - Field Validation Testing` → it handles all validation rules with their parameters correctly with data set &quot;dataset &quot;required_if&quot;&quot;" line="0" assertions="2" time="0.024753"/>
        <testcase name="`CustomFieldsPage - Field Validation Testing` → it handles all validation rules with their parameters correctly with data set &quot;dataset &quot;required_unless&quot;&quot;" class="Tests\Feature\Admin\Pages\CustomFieldsValidationTest" classname="Tests.Feature.Admin.Pages.CustomFieldsValidationTest" file="tests/Feature/Admin/Pages/CustomFieldsValidationTest.php::`CustomFieldsPage - Field Validation Testing` → it handles all validation rules with their parameters correctly with data set &quot;dataset &quot;required_unless&quot;&quot;" line="0" assertions="2" time="0.026083"/>
        <testcase name="`CustomFieldsPage - Field Validation Testing` → it handles all validation rules with their parameters correctly with data set &quot;dataset &quot;required_with&quot;&quot;" class="Tests\Feature\Admin\Pages\CustomFieldsValidationTest" classname="Tests.Feature.Admin.Pages.CustomFieldsValidationTest" file="tests/Feature/Admin/Pages/CustomFieldsValidationTest.php::`CustomFieldsPage - Field Validation Testing` → it handles all validation rules with their parameters correctly with data set &quot;dataset &quot;required_with&quot;&quot;" line="0" assertions="2" time="0.028436"/>
        <testcase name="`CustomFieldsPage - Field Validation Testing` → it handles all validation rules with their parameters correctly with data set &quot;dataset &quot;required_with_all&quot;&quot;" class="Tests\Feature\Admin\Pages\CustomFieldsValidationTest" classname="Tests.Feature.Admin.Pages.CustomFieldsValidationTest" file="tests/Feature/Admin/Pages/CustomFieldsValidationTest.php::`CustomFieldsPage - Field Validation Testing` → it handles all validation rules with their parameters correctly with data set &quot;dataset &quot;required_with_all&quot;&quot;" line="0" assertions="2" time="0.027384"/>
        <testcase name="`CustomFieldsPage - Field Validation Testing` → it handles all validation rules with their parameters correctly with data set &quot;dataset &quot;required_without&quot;&quot;" class="Tests\Feature\Admin\Pages\CustomFieldsValidationTest" classname="Tests.Feature.Admin.Pages.CustomFieldsValidationTest" file="tests/Feature/Admin/Pages/CustomFieldsValidationTest.php::`CustomFieldsPage - Field Validation Testing` → it handles all validation rules with their parameters correctly with data set &quot;dataset &quot;required_without&quot;&quot;" line="0" assertions="2" time="0.026570"/>
        <testcase name="`CustomFieldsPage - Field Validation Testing` → it handles all validation rules with their parameters correctly with data set &quot;dataset &quot;required_without_all&quot;&quot;" class="Tests\Feature\Admin\Pages\CustomFieldsValidationTest" classname="Tests.Feature.Admin.Pages.CustomFieldsValidationTest" file="tests/Feature/Admin/Pages/CustomFieldsValidationTest.php::`CustomFieldsPage - Field Validation Testing` → it handles all validation rules with their parameters correctly with data set &quot;dataset &quot;required_without_all&quot;&quot;" line="0" assertions="2" time="0.027617"/>
        <testcase name="`CustomFieldsPage - Field Validation Testing` → it handles all validation rules with their parameters correctly with data set &quot;dataset &quot;accepted_if&quot;&quot;" class="Tests\Feature\Admin\Pages\CustomFieldsValidationTest" classname="Tests.Feature.Admin.Pages.CustomFieldsValidationTest" file="tests/Feature/Admin/Pages/CustomFieldsValidationTest.php::`CustomFieldsPage - Field Validation Testing` → it handles all validation rules with their parameters correctly with data set &quot;dataset &quot;accepted_if&quot;&quot;" line="0" assertions="2" time="0.028395"/>
        <testcase name="`CustomFieldsPage - Field Validation Testing` → it handles all validation rules with their parameters correctly with data set &quot;dataset &quot;declined_if&quot;&quot;" class="Tests\Feature\Admin\Pages\CustomFieldsValidationTest" classname="Tests.Feature.Admin.Pages.CustomFieldsValidationTest" file="tests/Feature/Admin/Pages/CustomFieldsValidationTest.php::`CustomFieldsPage - Field Validation Testing` → it handles all validation rules with their parameters correctly with data set &quot;dataset &quot;declined_if&quot;&quot;" line="0" assertions="2" time="0.025703"/>
        <testcase name="`CustomFieldsPage - Field Validation Testing` → it handles all validation rules with their parameters correctly with data set &quot;dataset &quot;prohibited_if&quot;&quot;" class="Tests\Feature\Admin\Pages\CustomFieldsValidationTest" classname="Tests.Feature.Admin.Pages.CustomFieldsValidationTest" file="tests/Feature/Admin/Pages/CustomFieldsValidationTest.php::`CustomFieldsPage - Field Validation Testing` → it handles all validation rules with their parameters correctly with data set &quot;dataset &quot;prohibited_if&quot;&quot;" line="0" assertions="2" time="0.030554"/>
        <testcase name="`CustomFieldsPage - Field Validation Testing` → it handles all validation rules with their parameters correctly with data set &quot;dataset &quot;prohibited_unless&quot;&quot;" class="Tests\Feature\Admin\Pages\CustomFieldsValidationTest" classname="Tests.Feature.Admin.Pages.CustomFieldsValidationTest" file="tests/Feature/Admin/Pages/CustomFieldsValidationTest.php::`CustomFieldsPage - Field Validation Testing` → it handles all validation rules with their parameters correctly with data set &quot;dataset &quot;prohibited_unless&quot;&quot;" line="0" assertions="2" time="0.025469"/>
        <testcase name="`CustomFieldsPage - Field Validation Testing` → it handles all validation rules with their parameters correctly with data set &quot;dataset &quot;exclude_if&quot;&quot;" class="Tests\Feature\Admin\Pages\CustomFieldsValidationTest" classname="Tests.Feature.Admin.Pages.CustomFieldsValidationTest" file="tests/Feature/Admin/Pages/CustomFieldsValidationTest.php::`CustomFieldsPage - Field Validation Testing` → it handles all validation rules with their parameters correctly with data set &quot;dataset &quot;exclude_if&quot;&quot;" line="0" assertions="2" time="0.025818"/>
        <testcase name="`CustomFieldsPage - Field Validation Testing` → it handles all validation rules with their parameters correctly with data set &quot;dataset &quot;exclude_unless&quot;&quot;" class="Tests\Feature\Admin\Pages\CustomFieldsValidationTest" classname="Tests.Feature.Admin.Pages.CustomFieldsValidationTest" file="tests/Feature/Admin/Pages/CustomFieldsValidationTest.php::`CustomFieldsPage - Field Validation Testing` → it handles all validation rules with their parameters correctly with data set &quot;dataset &quot;exclude_unless&quot;&quot;" line="0" assertions="2" time="0.027430"/>
[...]
      <testcase name="`Table Search` → it shows no results for non-existent search terms" class="Tests\Feature\Integration\Resources\Pages\ListRecordsTest" classname="Tests.Feature.Integration.Resources.Pages.ListRecordsTest" file="tests/Feature/Integration/Resources/Pages/ListRecordsTest.php::`Table Search` → it shows no results for non-existent search terms" line="0" assertions="1" time="0.267331"/>
      <testcase name="`Table Search` → it can clear search and show all records again" class="Tests\Feature\Integration\Resources\Pages\ListRecordsTest" classname="Tests.Feature.Integration.Resources.Pages.ListRecordsTest" file="tests/Feature/Integration/Resources/Pages/ListRecordsTest.php::`Table Search` → it can clear search and show all records again" line="0" assertions="10" time="0.315394"/>
      <testcase name="`Table Filtering` → it can filter records by is_published status" class="Tests\Feature\Integration\Resources\Pages\ListRecordsTest" classname="Tests.Feature.Integration.Resources.Pages.ListRecordsTest" file="tests/Feature/Integration/Resources/Pages/ListRecordsTest.php::`Table Filtering` → it can filter records by is_published status" line="0" assertions="21" time="0.259139"/>
      <testcase name="`Table Filtering` → it can clear filters to show all records" class="Tests\Feature\Integration\Resources\Pages\ListRecordsTest" classname="Tests.Feature.Integration.Resources.Pages.ListRecordsTest" file="tests/Feature/Integration/Resources/Pages/ListRecordsTest.php::`Table Filtering` → it can clear filters to show all records" line="0" assertions="15" time="0.329744"/>
      <testcase name="`Custom Fields Integration in Tables` → it displays records without custom field values" class="Tests\Feature\Integration\Resources\Pages\ListRecordsTest" classname="Tests.Feature.Integration.Resources.Pages.ListRecordsTest" file="tests/Feature/Integration/Resources/Pages/ListRecordsTest.php::`Custom Fields Integration in Tables` → it displays records without custom field values" line="0" assertions="2" time="0.239382"/>
      <testcase name="`Custom Fields Integration in Tables` → it does not show custom fields that are not visible in list" class="Tests\Feature\Integration\Resources\Pages\ListRecordsTest" classname="Tests.Feature.Integration.Resources.Pages.ListRecordsTest" file="tests/Feature/Integration/Resources/Pages/ListRecordsTest.php::`Custom Fields Integration in Tables` → it does not show custom fields that are not visible in list" line="0" assertions="1" time="0.224364"/>
      <testcase name="`Conditional Visibility in Tables` → it shows custom field values when show_when condition is met" class="Tests\Feature\Integration\Resources\Pages\ListRecordsTest" classname="Tests.Feature.Integration.Resources.Pages.ListRecordsTest" file="tests/Feature/Integration/Resources/Pages/ListRecordsTest.php::`Conditional Visibility in Tables` → it shows custom field values when show_when condition is met" line="0" assertions="10" time="0.219640"/>
      <testcase name="`Conditional Visibility in Tables` → it hides custom field values when hide_when condition is met" class="Tests\Feature\Integration\Resources\Pages\ListRecordsTest" classname="Tests.Feature.Integration.Resources.Pages.ListRecordsTest" file="tests/Feature/Integration/Resources/Pages/ListRecordsTest.php::`Conditional Visibility in Tables` → it hides custom field values when hide_when condition is met" line="0" assertions="10" time="0.266221"/>
    </testsuite>
    <testsuite name="Tests\Feature\Integration\Resources\Pages\ViewRecordTest" file="tests/Feature/Integration/Resources/Pages/ViewRecordTest.php" tests="5" assertions="12" errors="0" failures="0" skipped="2" time="1.633807">
      <testcase name="it can render page" class="Tests\Feature\Integration\Resources\Pages\ViewRecordTest" classname="Tests.Feature.Integration.Resources.Pages.ViewRecordTest" file="tests/Feature/Integration/Resources/Pages/ViewRecordTest.php::it can render page" line="0" assertions="1" time="0.655856"/>
      <testcase name="it can retrieve data" class="Tests\Feature\Integration\Resources\Pages\ViewRecordTest" classname="Tests.Feature.Integration.Resources.Pages.ViewRecordTest" file="tests/Feature/Integration/Resources/Pages/ViewRecordTest.php::it can retrieve data" line="0" assertions="5" time="0.446997"/>
      <testcase name="it can refresh data" class="Tests\Feature\Integration\Resources\Pages\ViewRecordTest" classname="Tests.Feature.Integration.Resources.Pages.ViewRecordTest" file="tests/Feature/Integration/Resources/Pages/ViewRecordTest.php::it can refresh data" line="0" assertions="6" time="0.464685"/>
      <testcase name="`Conditional Visibility in Infolists` → it shows custom field entries when show_when condition is met" class="Tests\Feature\Integration\Resources\Pages\ViewRecordTest" classname="Tests.Feature.Integration.Resources.Pages.ViewRecordTest" file="tests/Feature/Integration/Resources/Pages/ViewRecordTest.php::`Conditional Visibility in Infolists` → it shows custom field entries when show_when condition is met" line="0" assertions="0" time="0.033763">
        <skipped/>
      </testcase>
      <testcase name="`Conditional Visibility in Infolists` → it hides custom field entries when hide_when condition is met" class="Tests\Feature\Integration\Resources\Pages\ViewRecordTest" classname="Tests.Feature.Integration.Resources.Pages.ViewRecordTest" file="tests/Feature/Integration/Resources/Pages/ViewRecordTest.php::`Conditional Visibility in Infolists` → it hides custom field entries when hide_when condition is met" line="0" assertions="0" time="0.032506">
        <skipped/>
      </testcase>
    </testsuite>
    <testsuite name="Tests\Feature\Integration\Resources\ResourceTest" file="tests/Feature/Integration/Resources/ResourceTest.php" tests="8" assertions="20" errors="0" failures="0" skipped="0" time="0.287752">
      <testcase name="it can retrieve Eloquent query for model" class="Tests\Feature\Integration\Resources\ResourceTest" classname="Tests.Feature.Integration.Resources.ResourceTest" file="tests/Feature/Integration/Resources/ResourceTest.php::it can retrieve Eloquent query for model" line="0" assertions="2" time="0.033998"/>
      <testcase name="it can generate a slug based on the model name" class="Tests\Feature\Integration\Resources\ResourceTest" classname="Tests.Feature.Integration.Resources.ResourceTest" file="tests/Feature/Integration/Resources/ResourceTest.php::it can generate a slug based on the model name" line="0" assertions="1" time="0.027942"/>
      <testcase name="it can generate a label based on the model name" class="Tests\Feature\Integration\Resources\ResourceTest" classname="Tests.Feature.Integration.Resources.ResourceTest" file="tests/Feature/Integration/Resources/ResourceTest.php::it can generate a label based on the model name" line="0" assertions="1" time="0.041206"/>
      <testcase name="it can generate a plural label based on the model name and locale" class="Tests\Feature\Integration\Resources\ResourceTest" classname="Tests.Feature.Integration.Resources.ResourceTest" file="tests/Feature/Integration/Resources/ResourceTest.php::it can generate a plural label based on the model name and locale" line="0" assertions="2" time="0.040459"/>
      <testcase name="it can retrieve a record's title" class="Tests\Feature\Integration\Resources\ResourceTest" classname="Tests.Feature.Integration.Resources.ResourceTest" file="tests/Feature/Integration/Resources/ResourceTest.php::it can retrieve a record's title" line="0" assertions="1" time="0.046398"/>
      <testcase name="it can resolve record route binding" class="Tests\Feature\Integration\Resources\ResourceTest" classname="Tests.Feature.Integration.Resources.ResourceTest" file="tests/Feature/Integration/Resources/ResourceTest.php::it can resolve record route binding" line="0" assertions="1" time="0.027856"/>
      <testcase name="it can retrieve a page's URL" class="Tests\Feature\Integration\Resources\ResourceTest" classname="Tests.Feature.Integration.Resources.ResourceTest" file="tests/Feature/Integration/Resources/ResourceTest.php::it can retrieve a page's URL" line="0" assertions="7" time="0.031727"/>
      <testcase name="it can retrieve a page's URL from its model" class="Tests\Feature\Integration\Resources\ResourceTest" classname="Tests.Feature.Integration.Resources.ResourceTest" file="tests/Feature/Integration/Resources/ResourceTest.php::it can retrieve a page's URL from its model" line="0" assertions="5" time="0.038166"/>
    </testsuite>
    <testsuite name="Tests\Feature\Models\CustomFieldRelationshipsTest" file="tests/Feature/Models/CustomFieldRelationshipsTest.php" tests="2" assertions="2" errors="0" failures="0" skipped="0" time="0.098235">
      <testcase name="`CustomField Relationships` → it eager loads custom field when accessing options to prevent N+1 queries" class="Tests\Feature\Models\CustomFieldRelationshipsTest" classname="Tests.Feature.Models.CustomFieldRelationshipsTest" file="tests/Feature/Models/CustomFieldRelationshipsTest.php::`CustomField Relationships` → it eager loads custom field when accessing options to prevent N+1 queries" line="0" assertions="1" time="0.058329"/>
      <testcase name="`CustomField Relationships` → it orders options by sort_order when accessing them" class="Tests\Feature\Models\CustomFieldRelationshipsTest" classname="Tests.Feature.Models.CustomFieldRelationshipsTest" file="tests/Feature/Models/CustomFieldRelationshipsTest.php::`CustomField Relationships` → it orders options by sort_order when accessing them" line="0" assertions="1" time="0.039906"/>
    </testsuite>
    <testsuite name="Tests\Feature\Services\CountryPhoneServiceTest" file="tests/Feature/Services/CountryPhoneServiceTest.php" tests="10" assertions="30" errors="0" failures="0" skipped="0" time="0.579292">
      <testcase name="it provides country options with short codes" class="Tests\Feature\Services\CountryPhoneServiceTest" classname="Tests.Feature.Services.CountryPhoneServiceTest" file="tests/Feature/Services/CountryPhoneServiceTest.php::it provides country options with short codes" line="0" assertions="5" time="0.105485"/>
      <testcase name="it provides country options with full names" class="Tests\Feature\Services\CountryPhoneServiceTest" classname="Tests.Feature.Services.CountryPhoneServiceTest" file="tests/Feature/Services/CountryPhoneServiceTest.php::it provides country options with full names" line="0" assertions="5" time="0.056274"/>
      <testcase name="it returns sorted country options alphabetically" class="Tests\Feature\Services\CountryPhoneServiceTest" classname="Tests.Feature.Services.CountryPhoneServiceTest" file="tests/Feature/Services/CountryPhoneServiceTest.php::it returns sorted country options alphabetically" line="0" assertions="1" time="0.041788"/>
      <testcase name="it detects country from locale" class="Tests\Feature\Services\CountryPhoneServiceTest" classname="Tests.Feature.Services.CountryPhoneServiceTest" file="tests/Feature/Services/CountryPhoneServiceTest.php::it detects country from locale" line="0" assertions="3" time="0.035758"/>
      <testcase name="it falls back to US for invalid locale" class="Tests\Feature\Services\CountryPhoneServiceTest" classname="Tests.Feature.Services.CountryPhoneServiceTest" file="tests/Feature/Services/CountryPhoneServiceTest.php::it falls back to US for invalid locale" line="0" assertions="2" time="0.091482"/>
      <testcase name="it parses E.164 to country and number" class="Tests\Feature\Services\CountryPhoneServiceTest" classname="Tests.Feature.Services.CountryPhoneServiceTest" file="tests/Feature/Services/CountryPhoneServiceTest.php::it parses E.164 to country and number" line="0" assertions="6" time="0.042534"/>
      <testcase name="it handles invalid E.164 with fallback" class="Tests\Feature\Services\CountryPhoneServiceTest" classname="Tests.Feature.Services.CountryPhoneServiceTest" file="tests/Feature/Services/CountryPhoneServiceTest.php::it handles invalid E.164 with fallback" line="0" assertions="2" time="0.045710"/>
      <testcase name="it formats country and number to E.164" class="Tests\Feature\Services\CountryPhoneServiceTest" classname="Tests.Feature.Services.CountryPhoneServiceTest" file="tests/Feature/Services/CountryPhoneServiceTest.php::it formats country and number to E.164" line="0" assertions="3" time="0.043107"/>
      <testcase name="it returns null for empty number when formatting" class="Tests\Feature\Services\CountryPhoneServiceTest" classname="Tests.Feature.Services.CountryPhoneServiceTest" file="tests/Feature/Services/CountryPhoneServiceTest.php::it returns null for empty number when formatting" line="0" assertions="2" time="0.051866"/>
      <testcase name="it handles formatting with fallback for invalid numbers" class="Tests\Feature\Services\CountryPhoneServiceTest" classname="Tests.Feature.Services.CountryPhoneServiceTest" file="tests/Feature/Services/CountryPhoneServiceTest.php::it handles formatting with fallback for invalid numbers" line="0" assertions="1" time="0.065289"/>
    </testsuite>
    <testsuite name="Tests\Feature\TenantResolverTest" file="tests/Feature/TenantResolverTest.php" tests="11" assertions="15" errors="0" failures="0" skipped="0" time="0.500494">
      <testcase name="`Custom Tenant Resolver` → it allows registering a custom tenant resolver" class="Tests\Feature\TenantResolverTest" classname="Tests.Feature.TenantResolverTest" file="tests/Feature/TenantResolverTest.php::`Custom Tenant Resolver` → it allows registering a custom tenant resolver" line="0" assertions="1" time="0.033609"/>
      <testcase name="`Custom Tenant Resolver` → it custom resolver takes priority over Laravel Context" class="Tests\Feature\TenantResolverTest" classname="Tests.Feature.TenantResolverTest" file="tests/Feature/TenantResolverTest.php::`Custom Tenant Resolver` → it custom resolver takes priority over Laravel Context" line="0" assertions="1" time="0.033008"/>
      <testcase name="`Custom Tenant Resolver` → it falls back to Laravel Context when no custom resolver is set" class="Tests\Feature\TenantResolverTest" classname="Tests.Feature.TenantResolverTest" file="tests/Feature/TenantResolverTest.php::`Custom Tenant Resolver` → it falls back to Laravel Context when no custom resolver is set" line="0" assertions="1" time="0.033519"/>
      <testcase name="`Custom Tenant Resolver` → it returns null when no tenant context is available" class="Tests\Feature\TenantResolverTest" classname="Tests.Feature.TenantResolverTest" file="tests/Feature/TenantResolverTest.php::`Custom Tenant Resolver` → it returns null when no tenant context is available" line="0" assertions="1" time="0.049608"/>
      <testcase name="`Custom Tenant Resolver` → it can clear custom resolver" class="Tests\Feature\TenantResolverTest" classname="Tests.Feature.TenantResolverTest" file="tests/Feature/TenantResolverTest.php::`Custom Tenant Resolver` → it can clear custom resolver" line="0" assertions="2" time="0.064753"/>
      <testcase name="`Custom Tenant Resolver` → it works with dynamic tenant resolution based on auth" class="Tests\Feature\TenantResolverTest" classname="Tests.Feature.TenantResolverTest" file="tests/Feature/TenantResolverTest.php::`Custom Tenant Resolver` → it works with dynamic tenant resolution based on auth" line="0" assertions="2" time="0.037503"/>
      <testcase name="`Tenant Resolver with Context Service` → it resolver can access closure variables" class="Tests\Feature\TenantResolverTest" classname="Tests.Feature.TenantResolverTest" file="tests/Feature/TenantResolverTest.php::`Tenant Resolver with Context Service` → it resolver can access closure variables" line="0" assertions="1" time="0.045576"/>
      <testcase name="`Tenant Resolver with Context Service` → it resolver can be changed dynamically" class="Tests\Feature\TenantResolverTest" classname="Tests.Feature.TenantResolverTest" file="tests/Feature/TenantResolverTest.php::`Tenant Resolver with Context Service` → it resolver can be changed dynamically" line="0" assertions="2" time="0.058420"/>
      <testcase name="`Tenant Resolver with Context Service` → it resolver can return string tenant IDs" class="Tests\Feature\TenantResolverTest" classname="Tests.Feature.TenantResolverTest" file="tests/Feature/TenantResolverTest.php::`Tenant Resolver with Context Service` → it resolver can return string tenant IDs" line="0" assertions="1" time="0.061897"/>
      <testcase name="`Tenant Resolver with Context Service` → it resolver can return null for no tenant" class="Tests\Feature\TenantResolverTest" classname="Tests.Feature.TenantResolverTest" file="tests/Feature/TenantResolverTest.php::`Tenant Resolver with Context Service` → it resolver can return null for no tenant" line="0" assertions="1" time="0.042006"/>
      <testcase name="`Tenant Resolver with Context Service` → it handles resolver exceptions gracefully" class="Tests\Feature\TenantResolverTest" classname="Tests.Feature.TenantResolverTest" file="tests/Feature/TenantResolverTest.php::`Tenant Resolver with Context Service` → it handles resolver exceptions gracefully" line="0" assertions="2" time="0.040595"/>
    </testsuite>
    <testsuite name="Tests\Feature\UnifiedVisibilityConsistencyTest" file="tests/Feature/UnifiedVisibilityConsistencyTest.php" tests="7" assertions="69" errors="0" failures="0" skipped="0" time="0.364141">
      <testcase name="core logic service extracts visibility data consistently" class="Tests\Feature\UnifiedVisibilityConsistencyTest" classname="Tests.Feature.UnifiedVisibilityConsistencyTest" file="tests/Feature/UnifiedVisibilityConsistencyTest.php::core logic service extracts visibility data consistently" line="0" assertions="10" time="0.035024"/>
      <testcase name="backend and frontend services use identical core logic" class="Tests\Feature\UnifiedVisibilityConsistencyTest" classname="Tests.Feature.UnifiedVisibilityConsistencyTest" file="tests/Feature/UnifiedVisibilityConsistencyTest.php::backend and frontend services use identical core logic" line="0" assertions="12" time="0.039679"/>
      <testcase name="frontend service generates valid JavaScript expressions" class="Tests\Feature\UnifiedVisibilityConsistencyTest" classname="Tests.Feature.UnifiedVisibilityConsistencyTest" file="tests/Feature/UnifiedVisibilityConsistencyTest.php::frontend service generates valid JavaScript expressions" line="0" assertions="9" time="0.051947"/>
      <testcase name="complex conditions work identically in backend and frontend" class="Tests\Feature\UnifiedVisibilityConsistencyTest" classname="Tests.Feature.UnifiedVisibilityConsistencyTest" file="tests/Feature/UnifiedVisibilityConsistencyTest.php::complex conditions work identically in backend and frontend" line="0" assertions="7" time="0.047288"/>
      <testcase name="operator compatibility and validation work correctly" class="Tests\Feature\UnifiedVisibilityConsistencyTest" classname="Tests.Feature.UnifiedVisibilityConsistencyTest" file="tests/Feature/UnifiedVisibilityConsistencyTest.php::operator compatibility and validation work correctly" line="0" assertions="22" time="0.098296"/>
      <testcase name="dependency calculation works consistently across services" class="Tests\Feature\UnifiedVisibilityConsistencyTest" classname="Tests.Feature.UnifiedVisibilityConsistencyTest" file="tests/Feature/UnifiedVisibilityConsistencyTest.php::dependency calculation works consistently across services" line="0" assertions="5" time="0.039052"/>
      <testcase name="empty and null value handling is consistent" class="Tests\Feature\UnifiedVisibilityConsistencyTest" classname="Tests.Feature.UnifiedVisibilityConsistencyTest" file="tests/Feature/UnifiedVisibilityConsistencyTest.php::empty and null value handling is consistent" line="0" assertions="4" time="0.052855"/>
    </testsuite>
  </testsuite>
</testsuites>
