<?xml version="1.0" encoding="UTF-8"?>
<testsuites>
  <testsuite name="/Users/manuk/Herd/relaticle-app-packages/packages/custom-fields/phpunit.xml.dist" tests="5" assertions="3" errors="4" failures="0" skipped="0" time="0.425225">
    <testsuite name="Test Suite" tests="5" assertions="3" errors="4" failures="0" skipped="0" time="0.425225">
      <testsuite name="Tests\src\ArchTest" file="tests/src/ArchTest.php" tests="1" assertions="3" errors="0" failures="0" skipped="0" time="0.356217">
        <testcase name="it will not use debugging functions" file="tests/src/ArchTest.php::it will not use debugging functions" class="Tests\src\ArchTest" classname="Tests.src.ArchTest" assertions="3" time="0.356217"/>
      </testsuite>
      <testsuite name="Tests\src\FormsTest" file="tests/src/FormsTest.php" tests="4" assertions="0" errors="4" failures="0" skipped="0" time="0.069008">
        <testcase name="it has editor field" file="tests/src/FormsTest.php::it has editor field" class="Tests\src\FormsTest" classname="Tests.src.FormsTest" assertions="0" time="0.046009">
          <error type="Illuminate\View\ViewException">it has editor fieldIlluminate\View\ViewException: SQLSTATE[HY000]: General error: 1 no such table: custom_field_sections (Connection: testing, SQL: select * from "custom_field_sections" where "entity_type" = Relaticle\CustomFields\Tests\Models\Page and "custom_field_sections"."active" = 1 order by "sort_order" asc, "sort_order" asc) (View: /Users/manuk/Herd/relaticle-app-packages/packages/custom-fields/vendor/orchestra/testbench-core/laravel/storage/framework/views/a168b0ebcff266df6b662fc4b6d06e88.blade.php)
at vendor/laravel/framework/src/Illuminate/Database/Connection.php:829
at vendor/laravel/framework/src/Illuminate/Database/Connection.php:783
at vendor/laravel/framework/src/Illuminate/Database/Connection.php:414
at vendor/laravel/framework/src/Illuminate/Database/Query/Builder.php:2913
at vendor/laravel/framework/src/Illuminate/Database/Query/Builder.php:2902
at vendor/laravel/framework/src/Illuminate/Database/Query/Builder.php:3456
at vendor/laravel/framework/src/Illuminate/Database/Query/Builder.php:2901
at vendor/laravel/framework/src/Illuminate/Database/Eloquent/Builder.php:739
at vendor/laravel/framework/src/Illuminate/Database/Eloquent/Builder.php:723
at src/Filament/Forms/Components/CustomFieldsComponent.php:59
at src/Filament/Forms/Components/CustomFieldsComponent.php:37
at src/Filament/Forms/Components/CustomFieldsComponent.php:28
at vendor/filament/support/src/Concerns/EvaluatesClosures.php:35
at vendor/filament/forms/src/Components/Concerns/HasChildComponents.php:41
at vendor/filament/forms/src/Components/Concerns/HasChildComponents.php:76
at vendor/filament/forms/src/Components/Concerns/HasChildComponents.php:63
at vendor/filament/forms/src/Components/Concerns/HasState.php:218
at vendor/filament/forms/src/Concerns/HasState.php:203
at vendor/filament/forms/src/Concerns/HasState.php:188
at tests/src/Fixtures/Livewire.php:22
at vendor/laravel/framework/src/Illuminate/Container/BoundMethod.php:36
at vendor/laravel/framework/src/Illuminate/Container/Util.php:41
at vendor/laravel/framework/src/Illuminate/Container/BoundMethod.php:93
at vendor/laravel/framework/src/Illuminate/Container/BoundMethod.php:35
at vendor/livewire/livewire/src/Wrapped.php:23
at vendor/livewire/livewire/src/Features/SupportLifecycleHooks/SupportLifecycleHooks.php:134
at vendor/livewire/livewire/src/Features/SupportLifecycleHooks/SupportLifecycleHooks.php:20
at vendor/livewire/livewire/src/ComponentHook.php:19
at vendor/livewire/livewire/src/ComponentHookRegistry.php:45
at vendor/livewire/livewire/src/EventBus.php:60
at vendor/livewire/livewire/src/helpers.php:98
at vendor/livewire/livewire/src/Mechanisms/HandleComponents/HandleComponents.php:50
at vendor/livewire/livewire/src/LivewireManager.php:73
at vendor/orchestra/testbench-core/laravel/storage/framework/views/886507e032db78d1821b86557d6fc1c1.php:7
at vendor/laravel/framework/src/Illuminate/Filesystem/Filesystem.php:123
at vendor/laravel/framework/src/Illuminate/Filesystem/Filesystem.php:124
at vendor/laravel/framework/src/Illuminate/View/Engines/PhpEngine.php:58
at vendor/livewire/livewire/src/Mechanisms/ExtendBlade/ExtendedCompilerEngine.php:22
at vendor/laravel/framework/src/Illuminate/View/Engines/CompilerEngine.php:72
at vendor/livewire/livewire/src/Mechanisms/ExtendBlade/ExtendedCompilerEngine.php:10
at vendor/laravel/framework/src/Illuminate/View/View.php:207
at vendor/laravel/framework/src/Illuminate/View/View.php:190
at vendor/laravel/framework/src/Illuminate/View/View.php:159
at vendor/laravel/framework/src/Illuminate/View/Compilers/BladeCompiler.php:335
at vendor/laravel/framework/src/Illuminate/Support/Facades/Facade.php:355
at vendor/livewire/livewire/src/Features/SupportTesting/InitialRender.php:25
at vendor/laravel/framework/src/Illuminate/Routing/CallableDispatcher.php:40
at vendor/laravel/framework/src/Illuminate/Routing/Route.php:237
at vendor/laravel/framework/src/Illuminate/Routing/Route.php:208
at vendor/laravel/framework/src/Illuminate/Routing/Router.php:806
at vendor/laravel/framework/src/Illuminate/Pipeline/Pipeline.php:144
at vendor/laravel/framework/src/Illuminate/Pipeline/Pipeline.php:119
at vendor/laravel/framework/src/Illuminate/Routing/Router.php:805
at vendor/laravel/framework/src/Illuminate/Routing/Router.php:784
at vendor/laravel/framework/src/Illuminate/Routing/Router.php:748
at vendor/laravel/framework/src/Illuminate/Routing/Router.php:737
at vendor/laravel/framework/src/Illuminate/Foundation/Http/Kernel.php:200
at vendor/laravel/framework/src/Illuminate/Pipeline/Pipeline.php:144
at vendor/laravel/framework/src/Illuminate/Pipeline/Pipeline.php:119
at vendor/laravel/framework/src/Illuminate/Foundation/Http/Kernel.php:175
at vendor/laravel/framework/src/Illuminate/Foundation/Http/Kernel.php:144
at vendor/laravel/framework/src/Illuminate/Foundation/Testing/Concerns/MakesHttpRequests.php:585
at vendor/livewire/livewire/src/Features/SupportTesting/InitialRender.php:33
at vendor/livewire/livewire/src/Features/SupportTesting/RequestBroker.php:30
at vendor/livewire/livewire/src/Features/SupportTesting/InitialRender.php:32
at vendor/livewire/livewire/src/Features/SupportTesting/Render.php:24
at vendor/livewire/livewire/src/Features/SupportTesting/InitialRender.php:31
at vendor/livewire/livewire/src/Features/SupportTesting/InitialRender.php:17
at vendor/livewire/livewire/src/Features/SupportTesting/Testable.php:35
at vendor/livewire/livewire/src/LivewireManager.php:192
at vendor/laravel/framework/src/Illuminate/Support/Facades/Facade.php:355
at tests/src/FormsTest.php:14
Caused by
Illuminate\Database\QueryException: SQLSTATE[HY000]: General error: 1 no such table: custom_field_sections (Connection: testing, SQL: select * from "custom_field_sections" where "entity_type" = Relaticle\CustomFields\Tests\Models\Page and "custom_field_sections"."active" = 1 order by "sort_order" asc, "sort_order" asc)

at vendor/laravel/framework/src/Illuminate/Database/Connection.php:423
at vendor/laravel/framework/src/Illuminate/Database/Connection.php:816
at vendor/laravel/framework/src/Illuminate/Database/Connection.php:783
at vendor/laravel/framework/src/Illuminate/Database/Connection.php:414
at vendor/laravel/framework/src/Illuminate/Database/Query/Builder.php:2913
at vendor/laravel/framework/src/Illuminate/Database/Query/Builder.php:2902
at vendor/laravel/framework/src/Illuminate/Database/Query/Builder.php:3456
at vendor/laravel/framework/src/Illuminate/Database/Query/Builder.php:2901
at vendor/laravel/framework/src/Illuminate/Database/Eloquent/Builder.php:739
at vendor/laravel/framework/src/Illuminate/Database/Eloquent/Builder.php:723
at src/Filament/Forms/Components/CustomFieldsComponent.php:59
at src/Filament/Forms/Components/CustomFieldsComponent.php:37
at src/Filament/Forms/Components/CustomFieldsComponent.php:28
at vendor/filament/support/src/Concerns/EvaluatesClosures.php:35
at vendor/filament/forms/src/Components/Concerns/HasChildComponents.php:41
at vendor/filament/forms/src/Components/Concerns/HasChildComponents.php:76
at vendor/filament/forms/src/Components/Concerns/HasChildComponents.php:63
at vendor/filament/forms/src/Components/Concerns/HasState.php:218
at vendor/filament/forms/src/Concerns/HasState.php:203
at vendor/filament/forms/src/Concerns/HasState.php:188
at tests/src/Fixtures/Livewire.php:22
at vendor/laravel/framework/src/Illuminate/Container/BoundMethod.php:36
at vendor/laravel/framework/src/Illuminate/Container/Util.php:41
at vendor/laravel/framework/src/Illuminate/Container/BoundMethod.php:93
at vendor/laravel/framework/src/Illuminate/Container/BoundMethod.php:35
at vendor/livewire/livewire/src/Wrapped.php:23
at vendor/livewire/livewire/src/Features/SupportLifecycleHooks/SupportLifecycleHooks.php:134
at vendor/livewire/livewire/src/Features/SupportLifecycleHooks/SupportLifecycleHooks.php:20
at vendor/livewire/livewire/src/ComponentHook.php:19
at vendor/livewire/livewire/src/ComponentHookRegistry.php:45
at vendor/livewire/livewire/src/EventBus.php:60
at vendor/livewire/livewire/src/helpers.php:98
at vendor/livewire/livewire/src/Mechanisms/HandleComponents/HandleComponents.php:50
at vendor/livewire/livewire/src/LivewireManager.php:73
at vendor/orchestra/testbench-core/laravel/storage/framework/views/886507e032db78d1821b86557d6fc1c1.php:7
at vendor/laravel/framework/src/Illuminate/Filesystem/Filesystem.php:123
at vendor/laravel/framework/src/Illuminate/Filesystem/Filesystem.php:124
at vendor/laravel/framework/src/Illuminate/View/Engines/PhpEngine.php:58
at vendor/livewire/livewire/src/Mechanisms/ExtendBlade/ExtendedCompilerEngine.php:22
at vendor/laravel/framework/src/Illuminate/View/Engines/CompilerEngine.php:72
at vendor/livewire/livewire/src/Mechanisms/ExtendBlade/ExtendedCompilerEngine.php:10
at vendor/laravel/framework/src/Illuminate/View/View.php:207
at vendor/laravel/framework/src/Illuminate/View/View.php:190
at vendor/laravel/framework/src/Illuminate/View/View.php:159
at vendor/laravel/framework/src/Illuminate/View/Compilers/BladeCompiler.php:335
at vendor/laravel/framework/src/Illuminate/Support/Facades/Facade.php:355
at vendor/livewire/livewire/src/Features/SupportTesting/InitialRender.php:25
at vendor/laravel/framework/src/Illuminate/Routing/CallableDispatcher.php:40
at vendor/laravel/framework/src/Illuminate/Routing/Route.php:237
at vendor/laravel/framework/src/Illuminate/Routing/Route.php:208
at vendor/laravel/framework/src/Illuminate/Routing/Router.php:806
at vendor/laravel/framework/src/Illuminate/Pipeline/Pipeline.php:144
at vendor/laravel/framework/src/Illuminate/Pipeline/Pipeline.php:119
at vendor/laravel/framework/src/Illuminate/Routing/Router.php:805
at vendor/laravel/framework/src/Illuminate/Routing/Router.php:784
at vendor/laravel/framework/src/Illuminate/Routing/Router.php:748
at vendor/laravel/framework/src/Illuminate/Routing/Router.php:737
at vendor/laravel/framework/src/Illuminate/Foundation/Http/Kernel.php:200
at vendor/laravel/framework/src/Illuminate/Pipeline/Pipeline.php:144
at vendor/laravel/framework/src/Illuminate/Pipeline/Pipeline.php:119
at vendor/laravel/framework/src/Illuminate/Foundation/Http/Kernel.php:175
at vendor/laravel/framework/src/Illuminate/Foundation/Http/Kernel.php:144
at vendor/laravel/framework/src/Illuminate/Foundation/Testing/Concerns/MakesHttpRequests.php:585
at vendor/livewire/livewire/src/Features/SupportTesting/InitialRender.php:33
at vendor/livewire/livewire/src/Features/SupportTesting/RequestBroker.php:30
at vendor/livewire/livewire/src/Features/SupportTesting/InitialRender.php:32
at vendor/livewire/livewire/src/Features/SupportTesting/Render.php:24
at vendor/livewire/livewire/src/Features/SupportTesting/InitialRender.php:31
at vendor/livewire/livewire/src/Features/SupportTesting/InitialRender.php:17
at vendor/livewire/livewire/src/Features/SupportTesting/Testable.php:35
at vendor/livewire/livewire/src/LivewireManager.php:192
at vendor/laravel/framework/src/Illuminate/Support/Facades/Facade.php:355
at tests/src/FormsTest.php:14
Caused by
PDOException: SQLSTATE[HY000]: General error: 1 no such table: custom_field_sections

at vendor/laravel/framework/src/Illuminate/Database/Connection.php:423
at vendor/laravel/framework/src/Illuminate/Database/Connection.php:816
at vendor/laravel/framework/src/Illuminate/Database/Connection.php:783
at vendor/laravel/framework/src/Illuminate/Database/Connection.php:414
at vendor/laravel/framework/src/Illuminate/Database/Query/Builder.php:2913
at vendor/laravel/framework/src/Illuminate/Database/Query/Builder.php:2902
at vendor/laravel/framework/src/Illuminate/Database/Query/Builder.php:3456
at vendor/laravel/framework/src/Illuminate/Database/Query/Builder.php:2901
at vendor/laravel/framework/src/Illuminate/Database/Eloquent/Builder.php:739
at vendor/laravel/framework/src/Illuminate/Database/Eloquent/Builder.php:723
at src/Filament/Forms/Components/CustomFieldsComponent.php:59
at src/Filament/Forms/Components/CustomFieldsComponent.php:37
at src/Filament/Forms/Components/CustomFieldsComponent.php:28
at vendor/filament/support/src/Concerns/EvaluatesClosures.php:35
at vendor/filament/forms/src/Components/Concerns/HasChildComponents.php:41
at vendor/filament/forms/src/Components/Concerns/HasChildComponents.php:76
at vendor/filament/forms/src/Components/Concerns/HasChildComponents.php:63
at vendor/filament/forms/src/Components/Concerns/HasState.php:218
at vendor/filament/forms/src/Concerns/HasState.php:203
at vendor/filament/forms/src/Concerns/HasState.php:188
at tests/src/Fixtures/Livewire.php:22
at vendor/laravel/framework/src/Illuminate/Container/BoundMethod.php:36
at vendor/laravel/framework/src/Illuminate/Container/Util.php:41
at vendor/laravel/framework/src/Illuminate/Container/BoundMethod.php:93
at vendor/laravel/framework/src/Illuminate/Container/BoundMethod.php:35
at vendor/livewire/livewire/src/Wrapped.php:23
at vendor/livewire/livewire/src/Features/SupportLifecycleHooks/SupportLifecycleHooks.php:134
at vendor/livewire/livewire/src/Features/SupportLifecycleHooks/SupportLifecycleHooks.php:20
at vendor/livewire/livewire/src/ComponentHook.php:19
at vendor/livewire/livewire/src/ComponentHookRegistry.php:45
at vendor/livewire/livewire/src/EventBus.php:60
at vendor/livewire/livewire/src/helpers.php:98
at vendor/livewire/livewire/src/Mechanisms/HandleComponents/HandleComponents.php:50
at vendor/livewire/livewire/src/LivewireManager.php:73
at vendor/orchestra/testbench-core/laravel/storage/framework/views/886507e032db78d1821b86557d6fc1c1.php:7
at vendor/laravel/framework/src/Illuminate/Filesystem/Filesystem.php:123
at vendor/laravel/framework/src/Illuminate/Filesystem/Filesystem.php:124
at vendor/laravel/framework/src/Illuminate/View/Engines/PhpEngine.php:58
at vendor/livewire/livewire/src/Mechanisms/ExtendBlade/ExtendedCompilerEngine.php:22
at vendor/laravel/framework/src/Illuminate/View/Engines/CompilerEngine.php:72
at vendor/livewire/livewire/src/Mechanisms/ExtendBlade/ExtendedCompilerEngine.php:10
at vendor/laravel/framework/src/Illuminate/View/View.php:207
at vendor/laravel/framework/src/Illuminate/View/View.php:190
at vendor/laravel/framework/src/Illuminate/View/View.php:159
at vendor/laravel/framework/src/Illuminate/View/Compilers/BladeCompiler.php:335
at vendor/laravel/framework/src/Illuminate/Support/Facades/Facade.php:355
at vendor/livewire/livewire/src/Features/SupportTesting/InitialRender.php:25
at vendor/laravel/framework/src/Illuminate/Routing/CallableDispatcher.php:40
at vendor/laravel/framework/src/Illuminate/Routing/Route.php:237
at vendor/laravel/framework/src/Illuminate/Routing/Route.php:208
at vendor/laravel/framework/src/Illuminate/Routing/Router.php:806
at vendor/laravel/framework/src/Illuminate/Pipeline/Pipeline.php:144
at vendor/laravel/framework/src/Illuminate/Pipeline/Pipeline.php:119
at vendor/laravel/framework/src/Illuminate/Routing/Router.php:805
at vendor/laravel/framework/src/Illuminate/Routing/Router.php:784
at vendor/laravel/framework/src/Illuminate/Routing/Router.php:748
at vendor/laravel/framework/src/Illuminate/Routing/Router.php:737
at vendor/laravel/framework/src/Illuminate/Foundation/Http/Kernel.php:200
at vendor/laravel/framework/src/Illuminate/Pipeline/Pipeline.php:144
at vendor/laravel/framework/src/Illuminate/Pipeline/Pipeline.php:119
at vendor/laravel/framework/src/Illuminate/Foundation/Http/Kernel.php:175
at vendor/laravel/framework/src/Illuminate/Foundation/Http/Kernel.php:144
at vendor/laravel/framework/src/Illuminate/Foundation/Testing/Concerns/MakesHttpRequests.php:585
at vendor/livewire/livewire/src/Features/SupportTesting/InitialRender.php:33
at vendor/livewire/livewire/src/Features/SupportTesting/RequestBroker.php:30
at vendor/livewire/livewire/src/Features/SupportTesting/InitialRender.php:32
at vendor/livewire/livewire/src/Features/SupportTesting/Render.php:24
at vendor/livewire/livewire/src/Features/SupportTesting/InitialRender.php:31
at vendor/livewire/livewire/src/Features/SupportTesting/InitialRender.php:17
at vendor/livewire/livewire/src/Features/SupportTesting/Testable.php:35
at vendor/livewire/livewire/src/LivewireManager.php:192
at vendor/laravel/framework/src/Illuminate/Support/Facades/Facade.php:355
at tests/src/FormsTest.php:14</error>
        </testcase>
        <testcase name="it creates record" file="tests/src/FormsTest.php::it creates record" class="Tests\src\FormsTest" classname="Tests.src.FormsTest" assertions="0" time="0.013092">
          <error type="Error">it creates recordError: Class "FilamentTiptapEditor\Tests\Database\Factories\CustomFieldFactory" not found
at tests/database/factories/PageFactory.php:16
at vendor/laravel/framework/src/Illuminate/Database/Eloquent/Factories/Factory.php:454
at vendor/laravel/framework/src/Illuminate/Database/Eloquent/Factories/Factory.php:433
at vendor/laravel/framework/src/Illuminate/Database/Eloquent/Factories/Factory.php:417
at vendor/laravel/framework/src/Illuminate/Database/Eloquent/Concerns/GuardsAttributes.php:155
at vendor/laravel/framework/src/Illuminate/Database/Eloquent/Factories/Factory.php:416
at vendor/laravel/framework/src/Illuminate/Database/Eloquent/Factories/Factory.php:390
at tests/src/FormsTest.php:21</error>
        </testcase>
        <testcase name="it updates record" file="tests/src/FormsTest.php::it updates record" class="Tests\src\FormsTest" classname="Tests.src.FormsTest" assertions="0" time="0.004905">
          <error type="Error">it updates recordError: Class "FilamentTiptapEditor\Tests\Database\Factories\CustomFieldFactory" not found
at tests/database/factories/PageFactory.php:16
at vendor/laravel/framework/src/Illuminate/Database/Eloquent/Factories/Factory.php:454
at vendor/laravel/framework/src/Illuminate/Database/Eloquent/Factories/Factory.php:433
at vendor/laravel/framework/src/Illuminate/Database/Eloquent/Factories/Factory.php:417
at vendor/laravel/framework/src/Illuminate/Database/Eloquent/Concerns/GuardsAttributes.php:155
at vendor/laravel/framework/src/Illuminate/Database/Eloquent/Factories/Factory.php:416
at vendor/laravel/framework/src/Illuminate/Database/Eloquent/Factories/Factory.php:390
at vendor/laravel/framework/src/Illuminate/Database/Eloquent/Factories/Factory.php:284
at tests/src/FormsTest.php:45</error>
        </testcase>
        <testcase name="it can create null record" file="tests/src/FormsTest.php::it can create null record" class="Tests\src\FormsTest" classname="Tests.src.FormsTest" assertions="0" time="0.005002">
          <error type="Error">it can create null recordError: Class "FilamentTiptapEditor\Tests\Database\Factories\CustomFieldFactory" not found
at tests/database/factories/PageFactory.php:16
at vendor/laravel/framework/src/Illuminate/Database/Eloquent/Factories/Factory.php:454
at vendor/laravel/framework/src/Illuminate/Database/Eloquent/Factories/Factory.php:433
at vendor/laravel/framework/src/Illuminate/Database/Eloquent/Factories/Factory.php:417
at vendor/laravel/framework/src/Illuminate/Database/Eloquent/Concerns/GuardsAttributes.php:155
at vendor/laravel/framework/src/Illuminate/Database/Eloquent/Factories/Factory.php:416
at vendor/laravel/framework/src/Illuminate/Database/Eloquent/Factories/Factory.php:390
at tests/src/FormsTest.php:71</error>
        </testcase>
      </testsuite>
    </testsuite>
  </testsuite>
</testsuites>
